2021-12-10 15:55:19,870 - PredictionTime.Milliseconds:3042.34|#ModelName:dent,Level:Model|#hostname:Tae-wons-MacBook-Pro.local,requestID:131eb8b7-2d48-429b-9663-6261d2e7aebf,timestamp:1639119319
2021-12-10 15:55:22,990 - PredictionTime.Milliseconds:2918.14|#ModelName:scratch,Level:Model|#hostname:Tae-wons-MacBook-Pro.local,requestID:cde43345-9b22-4d4c-9afc-bbf52f9843fc,timestamp:1639119322
2021-12-10 15:55:26,719 - PredictionTime.Milliseconds:3538.77|#ModelName:spacing,Level:Model|#hostname:Tae-wons-MacBook-Pro.local,requestID:b7a64125-9f8e-439b-9044-3d52e6b562c9,timestamp:1639119326
2021-12-10 15:55:34,516 - PredictionTime.Milliseconds:2960.61|#ModelName:dent,Level:Model|#hostname:Tae-wons-MacBook-Pro.local,requestID:4856f26a-6334-4bd3-a39d-119172d81c88,timestamp:1639119334
2021-12-10 15:55:37,626 - PredictionTime.Milliseconds:2942.7|#ModelName:scratch,Level:Model|#hostname:Tae-wons-MacBook-Pro.local,requestID:84f5fccc-ac8d-44c3-9696-35c948b7f4b9,timestamp:1639119337
2021-12-10 15:55:40,731 - PredictionTime.Milliseconds:2950.32|#ModelName:spacing,Level:Model|#hostname:Tae-wons-MacBook-Pro.local,requestID:0a9eb114-e501-47d1-9908-4d7facf6aedf,timestamp:1639119340
2021-12-10 15:55:44,127 - PredictionTime.Milliseconds:2860.85|#ModelName:dent,Level:Model|#hostname:Tae-wons-MacBook-Pro.local,requestID:04ec063f-9bcc-4521-b190-f3fc06e92474,timestamp:1639119344
2021-12-10 15:56:00,573 - PredictionTime.Milliseconds:2788.4|#ModelName:dent,Level:Model|#hostname:Tae-wons-MacBook-Pro.local,requestID:da4f81be-4139-4a6e-b446-79428891e4c6,timestamp:1639119360
2021-12-10 15:56:52,802 - PredictionTime.Milliseconds:3156.25|#ModelName:dent,Level:Model|#hostname:Tae-wons-MacBook-Pro.local,requestID:fff6c9bb-ea4a-4b84-8b01-3172882e2639,timestamp:1639119412
2021-12-10 15:57:46,084 - PredictionTime.Milliseconds:3046.77|#ModelName:dent,Level:Model|#hostname:Tae-wons-MacBook-Pro.local,requestID:bed49ce3-afc0-4038-8027-3623f24ee5c5,timestamp:1639119466
2021-12-10 15:57:48,985 - PredictionTime.Milliseconds:2742.96|#ModelName:dent,Level:Model|#hostname:Tae-wons-MacBook-Pro.local,requestID:80a25306-e74b-4014-99ea-3e6c3e0ece13,timestamp:1639119468
2021-12-10 15:57:51,932 - PredictionTime.Milliseconds:2817.62|#ModelName:dent,Level:Model|#hostname:Tae-wons-MacBook-Pro.local,requestID:4410e4fc-2bca-4edf-ad5c-babd7aecc724,timestamp:1639119471
2021-12-10 15:57:54,785 - PredictionTime.Milliseconds:2769.83|#ModelName:dent,Level:Model|#hostname:Tae-wons-MacBook-Pro.local,requestID:f94854b8-3fd0-446e-bffb-07fed21003c8,timestamp:1639119474
2021-12-10 15:57:57,688 - PredictionTime.Milliseconds:2814.16|#ModelName:dent,Level:Model|#hostname:Tae-wons-MacBook-Pro.local,requestID:57f2b3c6-7c9c-48ae-befc-dc8c33b7f363,timestamp:1639119477
2021-12-10 15:58:00,607 - PredictionTime.Milliseconds:2758.92|#ModelName:dent,Level:Model|#hostname:Tae-wons-MacBook-Pro.local,requestID:e28b08f2-e2ab-4277-83c1-d36a4626b431,timestamp:1639119480
2021-12-10 15:58:03,557 - PredictionTime.Milliseconds:2794.0|#ModelName:dent,Level:Model|#hostname:Tae-wons-MacBook-Pro.local,requestID:cc1735da-8593-4e48-935c-4380a9a5dd4d,timestamp:1639119483
2021-12-10 15:58:06,410 - PredictionTime.Milliseconds:2714.64|#ModelName:dent,Level:Model|#hostname:Tae-wons-MacBook-Pro.local,requestID:407e5ac5-8d1f-437c-8a22-2d0d608f660a,timestamp:1639119486
2021-12-10 15:58:09,229 - PredictionTime.Milliseconds:2756.94|#ModelName:dent,Level:Model|#hostname:Tae-wons-MacBook-Pro.local,requestID:6e3fc09f-2512-4a53-8d85-299cadac195a,timestamp:1639119489
2021-12-10 15:58:12,344 - PredictionTime.Milliseconds:2978.01|#ModelName:dent,Level:Model|#hostname:Tae-wons-MacBook-Pro.local,requestID:00af1ad2-5fd1-4ad6-ad6b-1cf084de4099,timestamp:1639119492
2021-12-10 15:58:15,306 - PredictionTime.Milliseconds:2865.33|#ModelName:dent,Level:Model|#hostname:Tae-wons-MacBook-Pro.local,requestID:2129be4f-0a22-4f80-92bb-f9f392c099c9,timestamp:1639119495
2021-12-10 15:58:18,066 - PredictionTime.Milliseconds:2634.53|#ModelName:dent,Level:Model|#hostname:Tae-wons-MacBook-Pro.local,requestID:89e7bedc-263d-421e-b51b-190db79d72c1,timestamp:1639119498
2021-12-10 15:58:20,890 - PredictionTime.Milliseconds:2759.48|#ModelName:dent,Level:Model|#hostname:Tae-wons-MacBook-Pro.local,requestID:e5175539-fdfb-46b5-b3f9-b644bcda5a11,timestamp:1639119500
2021-12-10 15:58:23,767 - PredictionTime.Milliseconds:2725.36|#ModelName:dent,Level:Model|#hostname:Tae-wons-MacBook-Pro.local,requestID:db77155f-54cf-42cc-9935-baab58b038a4,timestamp:1639119503
2021-12-10 15:58:26,890 - PredictionTime.Milliseconds:2997.55|#ModelName:dent,Level:Model|#hostname:Tae-wons-MacBook-Pro.local,requestID:380caed7-d2c0-49cb-95a3-4ca7eacf273e,timestamp:1639119506
2021-12-10 15:58:30,208 - PredictionTime.Milliseconds:3236.58|#ModelName:dent,Level:Model|#hostname:Tae-wons-MacBook-Pro.local,requestID:cc223904-bc23-48f6-be57-36144ef2a913,timestamp:1639119510
2021-12-10 15:58:33,303 - PredictionTime.Milliseconds:2982.31|#ModelName:dent,Level:Model|#hostname:Tae-wons-MacBook-Pro.local,requestID:1d7ec823-e328-4f55-8c4e-0d539c1d00cc,timestamp:1639119513
2021-12-10 15:58:36,170 - PredictionTime.Milliseconds:2748.83|#ModelName:dent,Level:Model|#hostname:Tae-wons-MacBook-Pro.local,requestID:9fd05c76-2c9d-40d5-9e3e-251df08d3cf5,timestamp:1639119516
2021-12-10 15:58:38,984 - PredictionTime.Milliseconds:2714.6|#ModelName:dent,Level:Model|#hostname:Tae-wons-MacBook-Pro.local,requestID:d91ad4a4-c591-4f55-8aad-e928c43ad5fc,timestamp:1639119518
2021-12-10 15:58:41,924 - PredictionTime.Milliseconds:2837.46|#ModelName:dent,Level:Model|#hostname:Tae-wons-MacBook-Pro.local,requestID:5fa16a78-ddca-4947-b98f-3afec63533b6,timestamp:1639119521
2021-12-10 15:58:44,682 - PredictionTime.Milliseconds:2669.84|#ModelName:dent,Level:Model|#hostname:Tae-wons-MacBook-Pro.local,requestID:5a5bf4fa-faaa-446a-9c31-817a871f118a,timestamp:1639119524
2021-12-10 15:58:47,743 - PredictionTime.Milliseconds:2993.83|#ModelName:dent,Level:Model|#hostname:Tae-wons-MacBook-Pro.local,requestID:9cc934f6-b897-4002-9ed5-14f28b836632,timestamp:1639119527
2021-12-10 15:59:21,244 - PredictionTime.Milliseconds:2916.84|#ModelName:dent,Level:Model|#hostname:Tae-wons-MacBook-Pro.local,requestID:76ad9d1e-a822-457e-b47a-4c90fe26fae0,timestamp:1639119561
2021-12-10 15:59:24,045 - PredictionTime.Milliseconds:2659.15|#ModelName:dent,Level:Model|#hostname:Tae-wons-MacBook-Pro.local,requestID:9ca077c9-5d1e-4348-b0de-8c8c492bca53,timestamp:1639119564
2021-12-10 15:59:27,154 - PredictionTime.Milliseconds:2981.7|#ModelName:dent,Level:Model|#hostname:Tae-wons-MacBook-Pro.local,requestID:3c2a5733-16fe-4c24-bed7-09d6b1f379d2,timestamp:1639119567
2021-12-10 15:59:30,021 - PredictionTime.Milliseconds:2801.12|#ModelName:dent,Level:Model|#hostname:Tae-wons-MacBook-Pro.local,requestID:902072f9-290b-483d-b803-d7949aefba04,timestamp:1639119570
2021-12-10 16:01:14,979 - PredictionTime.Milliseconds:2735.1|#ModelName:dent,Level:Model|#hostname:Tae-wons-MacBook-Pro.local,requestID:bea78875-cdab-41de-80d0-bad771cb2eff,timestamp:1639119674
2021-12-10 16:01:18,120 - PredictionTime.Milliseconds:2993.45|#ModelName:dent,Level:Model|#hostname:Tae-wons-MacBook-Pro.local,requestID:6291dc42-9dad-46e2-85aa-a6f4b1ccb680,timestamp:1639119678
2021-12-10 16:01:22,004 - PredictionTime.Milliseconds:3760.82|#ModelName:dent,Level:Model|#hostname:Tae-wons-MacBook-Pro.local,requestID:baeef3a1-cab6-4c45-9c87-095ae0c985c7,timestamp:1639119681
2021-12-10 16:01:24,904 - PredictionTime.Milliseconds:2827.49|#ModelName:dent,Level:Model|#hostname:Tae-wons-MacBook-Pro.local,requestID:a08092da-04a8-44ed-8610-6851003ea966,timestamp:1639119684
2021-12-10 16:01:27,737 - PredictionTime.Milliseconds:2773.05|#ModelName:dent,Level:Model|#hostname:Tae-wons-MacBook-Pro.local,requestID:072fbdb0-4417-4372-bfbf-d77e30777d9f,timestamp:1639119687
2021-12-10 16:01:30,620 - PredictionTime.Milliseconds:2742.33|#ModelName:dent,Level:Model|#hostname:Tae-wons-MacBook-Pro.local,requestID:c9ba89e9-93ab-410e-8a62-7c25b8192211,timestamp:1639119690
2021-12-10 16:01:33,708 - PredictionTime.Milliseconds:2934.03|#ModelName:dent,Level:Model|#hostname:Tae-wons-MacBook-Pro.local,requestID:c5c3a83e-eb0e-4492-a0af-f5b1e9f17f0f,timestamp:1639119693
2021-12-10 16:01:36,654 - PredictionTime.Milliseconds:2807.99|#ModelName:dent,Level:Model|#hostname:Tae-wons-MacBook-Pro.local,requestID:ad940b58-91ef-409f-aab8-3f2e2390d98a,timestamp:1639119696
2021-12-10 16:01:39,453 - PredictionTime.Milliseconds:2711.24|#ModelName:dent,Level:Model|#hostname:Tae-wons-MacBook-Pro.local,requestID:6c8a30ff-67cb-4a7f-bfef-d66c94e68826,timestamp:1639119699
2021-12-10 16:01:42,563 - PredictionTime.Milliseconds:2955.54|#ModelName:dent,Level:Model|#hostname:Tae-wons-MacBook-Pro.local,requestID:74c29271-9fed-4179-ab00-52f20d32fe2d,timestamp:1639119702
2021-12-10 16:01:46,388 - PredictionTime.Milliseconds:3736.56|#ModelName:dent,Level:Model|#hostname:Tae-wons-MacBook-Pro.local,requestID:f3245a33-a2a0-49f9-950e-155a3ac090db,timestamp:1639119706
2021-12-10 16:01:49,206 - PredictionTime.Milliseconds:2680.26|#ModelName:dent,Level:Model|#hostname:Tae-wons-MacBook-Pro.local,requestID:f614dfcb-0424-48d6-acdf-c26916b80eef,timestamp:1639119709
2021-12-10 16:01:52,030 - PredictionTime.Milliseconds:2716.56|#ModelName:dent,Level:Model|#hostname:Tae-wons-MacBook-Pro.local,requestID:1400353e-f0aa-456d-9a30-7a3ee5ac3c21,timestamp:1639119712
2021-12-10 16:01:54,858 - PredictionTime.Milliseconds:2654.96|#ModelName:dent,Level:Model|#hostname:Tae-wons-MacBook-Pro.local,requestID:5895966e-0913-4ad9-aa6c-d80e1cfdf9da,timestamp:1639119714
2021-12-10 16:01:57,716 - PredictionTime.Milliseconds:2753.8|#ModelName:dent,Level:Model|#hostname:Tae-wons-MacBook-Pro.local,requestID:96b06379-19ed-49b4-bf70-c31680fd7bd8,timestamp:1639119717
2021-12-10 16:02:00,470 - PredictionTime.Milliseconds:2678.85|#ModelName:dent,Level:Model|#hostname:Tae-wons-MacBook-Pro.local,requestID:cdb65aaf-3e48-4333-b193-c7b7dd63f7c2,timestamp:1639119720
2021-12-10 16:02:03,396 - PredictionTime.Milliseconds:2798.39|#ModelName:dent,Level:Model|#hostname:Tae-wons-MacBook-Pro.local,requestID:64092ed9-684d-4acb-869b-bfc50336f7ba,timestamp:1639119723
2021-12-10 16:02:06,558 - PredictionTime.Milliseconds:3065.05|#ModelName:dent,Level:Model|#hostname:Tae-wons-MacBook-Pro.local,requestID:089f2123-6218-4df1-b55a-374a1c31b203,timestamp:1639119726
2021-12-10 16:02:09,465 - PredictionTime.Milliseconds:2840.98|#ModelName:dent,Level:Model|#hostname:Tae-wons-MacBook-Pro.local,requestID:43854182-62dc-4bd0-b1f0-0a2e7863dba5,timestamp:1639119729
2021-12-10 16:02:12,159 - PredictionTime.Milliseconds:2629.34|#ModelName:dent,Level:Model|#hostname:Tae-wons-MacBook-Pro.local,requestID:b6ad4177-8f26-4b0c-b94c-ea545c658c1e,timestamp:1639119732
2021-12-10 16:02:15,266 - PredictionTime.Milliseconds:3030.88|#ModelName:dent,Level:Model|#hostname:Tae-wons-MacBook-Pro.local,requestID:e9b8bf24-be58-42e8-ba78-edd314227697,timestamp:1639119735
2021-12-10 16:02:18,123 - PredictionTime.Milliseconds:2792.56|#ModelName:dent,Level:Model|#hostname:Tae-wons-MacBook-Pro.local,requestID:e8344227-9aa0-4e12-89db-62d6c41cbbd4,timestamp:1639119738
2021-12-10 16:02:21,060 - PredictionTime.Milliseconds:2863.64|#ModelName:dent,Level:Model|#hostname:Tae-wons-MacBook-Pro.local,requestID:57e721be-7c9c-4abe-9d2b-a0e8e7d2c226,timestamp:1639119741
2021-12-10 16:02:23,883 - PredictionTime.Milliseconds:2732.99|#ModelName:dent,Level:Model|#hostname:Tae-wons-MacBook-Pro.local,requestID:a8313aed-562a-4b36-8f2c-3350c6dd27ca,timestamp:1639119743
2021-12-10 16:02:26,628 - PredictionTime.Milliseconds:2646.81|#ModelName:dent,Level:Model|#hostname:Tae-wons-MacBook-Pro.local,requestID:ff9b5105-05cf-4b0c-8a30-c23c3c1f79fb,timestamp:1639119746
2021-12-10 16:02:29,521 - PredictionTime.Milliseconds:2819.8|#ModelName:dent,Level:Model|#hostname:Tae-wons-MacBook-Pro.local,requestID:536671f2-e561-44c3-babe-7946c9aaa74e,timestamp:1639119749
2021-12-10 16:02:33,015 - PredictionTime.Milliseconds:3155.71|#ModelName:dent,Level:Model|#hostname:Tae-wons-MacBook-Pro.local,requestID:169ec4bf-d474-4117-bc10-256336ad1745,timestamp:1639119752
2021-12-10 16:02:35,871 - PredictionTime.Milliseconds:2753.98|#ModelName:dent,Level:Model|#hostname:Tae-wons-MacBook-Pro.local,requestID:b4ca1598-3a98-4fba-973b-d9f9f1369993,timestamp:1639119755
2021-12-10 16:02:38,820 - PredictionTime.Milliseconds:2863.51|#ModelName:dent,Level:Model|#hostname:Tae-wons-MacBook-Pro.local,requestID:8e256055-c5cf-4500-b516-487a3c989bb6,timestamp:1639119758
2021-12-10 16:02:41,650 - PredictionTime.Milliseconds:2757.58|#ModelName:dent,Level:Model|#hostname:Tae-wons-MacBook-Pro.local,requestID:17643a8a-b1e4-4f5d-af5c-bbcfdecc79dc,timestamp:1639119761
2021-12-10 16:02:44,684 - PredictionTime.Milliseconds:2911.22|#ModelName:dent,Level:Model|#hostname:Tae-wons-MacBook-Pro.local,requestID:cd49d672-2e8d-4031-ba73-8e37181d2f9c,timestamp:1639119764
2021-12-10 16:02:47,744 - PredictionTime.Milliseconds:2973.64|#ModelName:dent,Level:Model|#hostname:Tae-wons-MacBook-Pro.local,requestID:44ec203f-5b84-40e1-b682-a5a539dc811c,timestamp:1639119767
2021-12-10 16:02:51,626 - PredictionTime.Milliseconds:3574.11|#ModelName:dent,Level:Model|#hostname:Tae-wons-MacBook-Pro.local,requestID:561bc5d2-1852-43f5-a24e-b3e9a0589c58,timestamp:1639119771
2021-12-10 16:02:54,582 - PredictionTime.Milliseconds:2873.95|#ModelName:dent,Level:Model|#hostname:Tae-wons-MacBook-Pro.local,requestID:2ff6f9bb-0902-4a0c-9773-0c1bd312d03a,timestamp:1639119774
2021-12-10 16:02:57,648 - PredictionTime.Milliseconds:2909.18|#ModelName:dent,Level:Model|#hostname:Tae-wons-MacBook-Pro.local,requestID:786ea640-2cbe-43a8-91af-3cf684470c67,timestamp:1639119777
2021-12-10 16:03:00,653 - PredictionTime.Milliseconds:2844.09|#ModelName:dent,Level:Model|#hostname:Tae-wons-MacBook-Pro.local,requestID:c02c4749-15fb-4df0-9ca7-86afc758aee4,timestamp:1639119780
2021-12-10 16:03:03,540 - PredictionTime.Milliseconds:2809.76|#ModelName:dent,Level:Model|#hostname:Tae-wons-MacBook-Pro.local,requestID:87a82fa0-cbec-410a-a724-3481c8740476,timestamp:1639119783
2021-12-10 16:03:06,585 - PredictionTime.Milliseconds:2957.6|#ModelName:dent,Level:Model|#hostname:Tae-wons-MacBook-Pro.local,requestID:fd5175a0-b48e-4f7c-b2f5-e09fd3c1a6d9,timestamp:1639119786
2021-12-10 16:03:09,491 - PredictionTime.Milliseconds:2817.41|#ModelName:dent,Level:Model|#hostname:Tae-wons-MacBook-Pro.local,requestID:bc309ac4-3fcc-4f8d-9c9e-ccd1267d377e,timestamp:1639119789
2021-12-10 16:03:12,735 - PredictionTime.Milliseconds:2871.68|#ModelName:dent,Level:Model|#hostname:Tae-wons-MacBook-Pro.local,requestID:784e8782-fc3c-4ef3-b2f9-a184442694e5,timestamp:1639119792
2021-12-10 16:03:15,613 - PredictionTime.Milliseconds:2784.73|#ModelName:dent,Level:Model|#hostname:Tae-wons-MacBook-Pro.local,requestID:6c07fc8d-91e7-47da-9cd9-df6a2eb7c65b,timestamp:1639119795
2021-12-10 16:03:18,438 - PredictionTime.Milliseconds:2742.33|#ModelName:dent,Level:Model|#hostname:Tae-wons-MacBook-Pro.local,requestID:9967f9d2-f62b-423e-902e-8aa371284220,timestamp:1639119798
2021-12-10 16:03:21,348 - PredictionTime.Milliseconds:2825.72|#ModelName:dent,Level:Model|#hostname:Tae-wons-MacBook-Pro.local,requestID:99333fe7-9c76-4080-b1bc-3bd1b5bb07f4,timestamp:1639119801
2021-12-10 16:03:24,247 - PredictionTime.Milliseconds:2812.8|#ModelName:dent,Level:Model|#hostname:Tae-wons-MacBook-Pro.local,requestID:c1077f5c-7552-4046-898b-772bf9d9dfc4,timestamp:1639119804
2021-12-10 16:03:27,131 - PredictionTime.Milliseconds:2805.53|#ModelName:dent,Level:Model|#hostname:Tae-wons-MacBook-Pro.local,requestID:d2053fd1-8338-49c3-8974-09fbccd85a49,timestamp:1639119807
2021-12-10 16:03:30,107 - PredictionTime.Milliseconds:2827.55|#ModelName:dent,Level:Model|#hostname:Tae-wons-MacBook-Pro.local,requestID:f7c4894b-ccc5-40d6-8f93-c428fabddfd2,timestamp:1639119810
2021-12-10 16:03:33,137 - PredictionTime.Milliseconds:2928.43|#ModelName:dent,Level:Model|#hostname:Tae-wons-MacBook-Pro.local,requestID:59d11cac-dab9-4061-9f5b-c6ad562b449b,timestamp:1639119813
2021-12-10 16:03:36,574 - PredictionTime.Milliseconds:3347.94|#ModelName:dent,Level:Model|#hostname:Tae-wons-MacBook-Pro.local,requestID:9acff579-d766-432c-9f36-e7c898486c9b,timestamp:1639119816
2021-12-10 16:03:39,863 - PredictionTime.Milliseconds:3119.01|#ModelName:scratch,Level:Model|#hostname:Tae-wons-MacBook-Pro.local,requestID:a48e50b7-5810-43ae-a1f6-c77ac99a7e7b,timestamp:1639119819
2021-12-10 16:03:42,976 - PredictionTime.Milliseconds:2948.87|#ModelName:scratch,Level:Model|#hostname:Tae-wons-MacBook-Pro.local,requestID:4bd995d9-eed0-4904-b71e-4c3d823a4cee,timestamp:1639119822
2021-12-10 16:03:46,023 - PredictionTime.Milliseconds:2911.49|#ModelName:scratch,Level:Model|#hostname:Tae-wons-MacBook-Pro.local,requestID:a281809f-7635-46c6-aea9-e3cab9f2a408,timestamp:1639119825
2021-12-10 16:03:49,026 - PredictionTime.Milliseconds:2909.3|#ModelName:scratch,Level:Model|#hostname:Tae-wons-MacBook-Pro.local,requestID:887645af-dd2d-4e40-909e-efdfd50535e9,timestamp:1639119829
2021-12-10 16:03:51,996 - PredictionTime.Milliseconds:2879.71|#ModelName:scratch,Level:Model|#hostname:Tae-wons-MacBook-Pro.local,requestID:f6c2ff68-39c3-43a3-af39-b8df10c10e58,timestamp:1639119831
2021-12-10 16:03:55,004 - PredictionTime.Milliseconds:2865.58|#ModelName:scratch,Level:Model|#hostname:Tae-wons-MacBook-Pro.local,requestID:f44a74ac-1c59-4aaf-acbd-dc0590d888c9,timestamp:1639119834
2021-12-10 16:03:58,000 - PredictionTime.Milliseconds:2842.19|#ModelName:scratch,Level:Model|#hostname:Tae-wons-MacBook-Pro.local,requestID:490d1e0f-a502-40ae-9368-884465bfbb79,timestamp:1639119837
2021-12-10 16:04:01,103 - PredictionTime.Milliseconds:2934.23|#ModelName:scratch,Level:Model|#hostname:Tae-wons-MacBook-Pro.local,requestID:9bf87eaa-cf42-43c1-b1c3-4db297f7a95b,timestamp:1639119841
2021-12-10 16:04:04,399 - PredictionTime.Milliseconds:3185.7|#ModelName:scratch,Level:Model|#hostname:Tae-wons-MacBook-Pro.local,requestID:6b64fd3f-6e5a-454f-9ff0-36b0aeaad511,timestamp:1639119844
2021-12-10 16:04:07,571 - PredictionTime.Milliseconds:3032.07|#ModelName:scratch,Level:Model|#hostname:Tae-wons-MacBook-Pro.local,requestID:4b0b8381-0eb4-4983-a100-3b55dddfc737,timestamp:1639119847
2021-12-10 16:04:10,827 - PredictionTime.Milliseconds:3172.16|#ModelName:scratch,Level:Model|#hostname:Tae-wons-MacBook-Pro.local,requestID:01e256cf-04de-4ca1-882c-48d85b62a7f7,timestamp:1639119850
2021-12-10 16:04:13,742 - PredictionTime.Milliseconds:2763.82|#ModelName:scratch,Level:Model|#hostname:Tae-wons-MacBook-Pro.local,requestID:d247729a-5cf6-47bd-a175-f7bdc4e38a9c,timestamp:1639119853
2021-12-10 16:04:16,604 - PredictionTime.Milliseconds:2760.32|#ModelName:scratch,Level:Model|#hostname:Tae-wons-MacBook-Pro.local,requestID:956b825d-52ba-4690-8045-71bcfc2929b5,timestamp:1639119856
2021-12-10 16:04:19,441 - PredictionTime.Milliseconds:2691.58|#ModelName:scratch,Level:Model|#hostname:Tae-wons-MacBook-Pro.local,requestID:d2367e95-858a-4e91-899e-12dafe7b0674,timestamp:1639119859
2021-12-10 16:04:22,363 - PredictionTime.Milliseconds:2808.78|#ModelName:scratch,Level:Model|#hostname:Tae-wons-MacBook-Pro.local,requestID:be3c390e-d58f-4363-8fab-0987085f264b,timestamp:1639119862
2021-12-10 16:04:25,124 - PredictionTime.Milliseconds:2685.96|#ModelName:scratch,Level:Model|#hostname:Tae-wons-MacBook-Pro.local,requestID:b332f552-6f9a-473d-b432-9feabcae53e5,timestamp:1639119865
2021-12-10 16:04:27,904 - PredictionTime.Milliseconds:2620.65|#ModelName:scratch,Level:Model|#hostname:Tae-wons-MacBook-Pro.local,requestID:541acb77-e8fb-4ba0-ba2e-a5d4a0217950,timestamp:1639119867
2021-12-10 16:04:30,838 - PredictionTime.Milliseconds:2821.76|#ModelName:scratch,Level:Model|#hostname:Tae-wons-MacBook-Pro.local,requestID:6c9f2c47-371e-46a7-a280-83b36b6acf84,timestamp:1639119870
2021-12-10 16:04:33,679 - PredictionTime.Milliseconds:2754.47|#ModelName:scratch,Level:Model|#hostname:Tae-wons-MacBook-Pro.local,requestID:f96d0ef1-8a5b-403d-b043-254915a5e51b,timestamp:1639119873
2021-12-10 16:04:36,556 - PredictionTime.Milliseconds:2792.78|#ModelName:scratch,Level:Model|#hostname:Tae-wons-MacBook-Pro.local,requestID:fb17546e-5375-4fda-b846-9737c4c77cf4,timestamp:1639119876
2021-12-10 16:04:39,252 - PredictionTime.Milliseconds:2614.86|#ModelName:scratch,Level:Model|#hostname:Tae-wons-MacBook-Pro.local,requestID:dd85b590-8112-4d90-9fe9-e0fdb7d583ba,timestamp:1639119879
2021-12-10 16:04:42,201 - PredictionTime.Milliseconds:2888.42|#ModelName:scratch,Level:Model|#hostname:Tae-wons-MacBook-Pro.local,requestID:d5fbb806-9fde-4292-ab5b-81f505f8bbfe,timestamp:1639119882
2021-12-10 16:04:45,068 - PredictionTime.Milliseconds:2804.69|#ModelName:scratch,Level:Model|#hostname:Tae-wons-MacBook-Pro.local,requestID:621b2982-185f-494f-be88-e68ffabaefa2,timestamp:1639119885
2021-12-10 16:04:47,712 - PredictionTime.Milliseconds:2564.38|#ModelName:scratch,Level:Model|#hostname:Tae-wons-MacBook-Pro.local,requestID:5abe1e8f-ec95-44a0-939a-913b683add56,timestamp:1639119887
2021-12-10 16:04:50,782 - PredictionTime.Milliseconds:2979.54|#ModelName:scratch,Level:Model|#hostname:Tae-wons-MacBook-Pro.local,requestID:f98ca9d9-a7be-487e-97dc-6a3ec2a891a3,timestamp:1639119890
2021-12-10 16:04:53,529 - PredictionTime.Milliseconds:2666.01|#ModelName:scratch,Level:Model|#hostname:Tae-wons-MacBook-Pro.local,requestID:07dfb223-0450-4477-916c-2cc694dfab56,timestamp:1639119893
2021-12-10 16:04:56,783 - PredictionTime.Milliseconds:2943.75|#ModelName:scratch,Level:Model|#hostname:Tae-wons-MacBook-Pro.local,requestID:72e256ba-9083-4c7e-bafd-e5b952b788c0,timestamp:1639119896
2021-12-10 16:04:59,723 - PredictionTime.Milliseconds:2843.15|#ModelName:scratch,Level:Model|#hostname:Tae-wons-MacBook-Pro.local,requestID:9004546a-8397-47fb-9327-c4dc3d94356f,timestamp:1639119899
2021-12-10 16:05:02,933 - PredictionTime.Milliseconds:3126.33|#ModelName:scratch,Level:Model|#hostname:Tae-wons-MacBook-Pro.local,requestID:d90d986c-179d-4886-9a4d-0ce9cea85f6b,timestamp:1639119902
2021-12-10 16:05:06,660 - PredictionTime.Milliseconds:3636.86|#ModelName:scratch,Level:Model|#hostname:Tae-wons-MacBook-Pro.local,requestID:930296ed-515b-4cf8-9d0b-549a4ad66f28,timestamp:1639119906
2021-12-10 16:05:09,725 - PredictionTime.Milliseconds:2960.85|#ModelName:scratch,Level:Model|#hostname:Tae-wons-MacBook-Pro.local,requestID:6df87aad-a18b-48fd-95dd-f45fd7889cfc,timestamp:1639119909
2021-12-10 16:05:12,706 - PredictionTime.Milliseconds:2893.58|#ModelName:scratch,Level:Model|#hostname:Tae-wons-MacBook-Pro.local,requestID:1f7a136a-5aaa-421f-a31e-7626c6f2dddb,timestamp:1639119912
2021-12-10 16:05:16,120 - PredictionTime.Milliseconds:3123.23|#ModelName:scratch,Level:Model|#hostname:Tae-wons-MacBook-Pro.local,requestID:f0b7f32c-f22a-4697-a6ea-e0278f32a546,timestamp:1639119916
2021-12-10 16:05:19,144 - PredictionTime.Milliseconds:2902.3|#ModelName:scratch,Level:Model|#hostname:Tae-wons-MacBook-Pro.local,requestID:1e629fb4-6f93-4c33-a4f0-848462b32bb0,timestamp:1639119919
2021-12-10 16:05:22,101 - PredictionTime.Milliseconds:2808.99|#ModelName:scratch,Level:Model|#hostname:Tae-wons-MacBook-Pro.local,requestID:f507c424-1822-4c57-81c1-d39272d833e8,timestamp:1639119922
2021-12-10 16:05:25,044 - PredictionTime.Milliseconds:2772.69|#ModelName:scratch,Level:Model|#hostname:Tae-wons-MacBook-Pro.local,requestID:65d9467f-cfcb-44c8-8a3f-413bdb8975e9,timestamp:1639119925
2021-12-10 16:05:27,902 - PredictionTime.Milliseconds:2737.73|#ModelName:scratch,Level:Model|#hostname:Tae-wons-MacBook-Pro.local,requestID:6e22e4c3-baf4-4edc-8433-ae04d025f55c,timestamp:1639119927
2021-12-10 16:05:30,732 - PredictionTime.Milliseconds:2735.98|#ModelName:scratch,Level:Model|#hostname:Tae-wons-MacBook-Pro.local,requestID:526b00d1-834c-4b86-a269-5d10175cfb3a,timestamp:1639119930
2021-12-10 16:05:33,652 - PredictionTime.Milliseconds:2828.51|#ModelName:scratch,Level:Model|#hostname:Tae-wons-MacBook-Pro.local,requestID:b7e4eb18-fd7f-4d20-8b80-13eaa0adaa88,timestamp:1639119933
2021-12-10 16:05:36,876 - PredictionTime.Milliseconds:2849.3|#ModelName:scratch,Level:Model|#hostname:Tae-wons-MacBook-Pro.local,requestID:09a7a282-1f2f-4e97-b498-c1370fe89396,timestamp:1639119936
2021-12-10 16:05:39,886 - PredictionTime.Milliseconds:2904.93|#ModelName:scratch,Level:Model|#hostname:Tae-wons-MacBook-Pro.local,requestID:4adc5aaa-b82a-4533-bac9-eb76b835b202,timestamp:1639119939
2021-12-10 16:05:43,061 - PredictionTime.Milliseconds:3079.7|#ModelName:scratch,Level:Model|#hostname:Tae-wons-MacBook-Pro.local,requestID:f82467e7-ded9-427d-94ee-a1876a0b1039,timestamp:1639119943
2021-12-10 16:05:46,109 - PredictionTime.Milliseconds:2953.43|#ModelName:scratch,Level:Model|#hostname:Tae-wons-MacBook-Pro.local,requestID:108a3ce0-9146-4b1e-80f7-8f66a3069386,timestamp:1639119946
2021-12-10 16:05:49,265 - PredictionTime.Milliseconds:3089.49|#ModelName:scratch,Level:Model|#hostname:Tae-wons-MacBook-Pro.local,requestID:1ad00e1a-ab9c-42ba-bc52-f7e3b245d888,timestamp:1639119949
2021-12-10 16:05:52,095 - PredictionTime.Milliseconds:2749.22|#ModelName:scratch,Level:Model|#hostname:Tae-wons-MacBook-Pro.local,requestID:5b1eb09b-92ab-4a31-a294-53e700a9c7c8,timestamp:1639119952
2021-12-10 16:05:55,169 - PredictionTime.Milliseconds:2928.6|#ModelName:scratch,Level:Model|#hostname:Tae-wons-MacBook-Pro.local,requestID:10c99f21-3c47-4804-b373-09b1a88e0c89,timestamp:1639119955
2021-12-10 16:05:58,033 - PredictionTime.Milliseconds:2643.38|#ModelName:scratch,Level:Model|#hostname:Tae-wons-MacBook-Pro.local,requestID:ec5acef6-db03-46c5-8bfb-347b34bac0dd,timestamp:1639119958
2021-12-10 16:06:00,884 - PredictionTime.Milliseconds:2747.04|#ModelName:scratch,Level:Model|#hostname:Tae-wons-MacBook-Pro.local,requestID:f78a4361-8e01-4897-838d-6a075c1d043f,timestamp:1639119960
2021-12-10 16:06:04,508 - PredictionTime.Milliseconds:3440.19|#ModelName:spacing,Level:Model|#hostname:Tae-wons-MacBook-Pro.local,requestID:c9ee0d5b-c320-480d-8763-3ae2d9e74a5a,timestamp:1639119964
2021-12-10 16:06:07,615 - PredictionTime.Milliseconds:2916.05|#ModelName:spacing,Level:Model|#hostname:Tae-wons-MacBook-Pro.local,requestID:82aba198-2f73-447a-a1c6-0523c57b1577,timestamp:1639119967
2021-12-10 16:06:10,802 - PredictionTime.Milliseconds:3038.1|#ModelName:spacing,Level:Model|#hostname:Tae-wons-MacBook-Pro.local,requestID:595498ca-0d03-4b2d-bb19-e513676a465d,timestamp:1639119970
2021-12-10 16:06:14,242 - PredictionTime.Milliseconds:3329.21|#ModelName:spacing,Level:Model|#hostname:Tae-wons-MacBook-Pro.local,requestID:5787ff40-c03a-45d2-85d7-432f11c42a6f,timestamp:1639119974
2021-12-10 16:06:17,301 - PredictionTime.Milliseconds:2964.2|#ModelName:spacing,Level:Model|#hostname:Tae-wons-MacBook-Pro.local,requestID:bd55d7d2-02de-48c4-8ea9-07683c7ea00f,timestamp:1639119977
2021-12-10 16:06:20,967 - PredictionTime.Milliseconds:3507.3|#ModelName:spacing,Level:Model|#hostname:Tae-wons-MacBook-Pro.local,requestID:d0cb3a9a-f0d8-4c86-b87d-455708ba1436,timestamp:1639119980
2021-12-10 16:06:24,121 - PredictionTime.Milliseconds:2961.1|#ModelName:spacing,Level:Model|#hostname:Tae-wons-MacBook-Pro.local,requestID:4f6315a1-1853-4fc5-9516-8f025ee93f2b,timestamp:1639119984
2021-12-10 16:06:27,246 - PredictionTime.Milliseconds:2910.97|#ModelName:spacing,Level:Model|#hostname:Tae-wons-MacBook-Pro.local,requestID:343f96c3-b300-4646-811e-437cb2f80da8,timestamp:1639119987
2021-12-10 16:06:30,332 - PredictionTime.Milliseconds:2963.02|#ModelName:spacing,Level:Model|#hostname:Tae-wons-MacBook-Pro.local,requestID:f7e3b308-1dd0-44d4-8aed-9a9a5873c9e7,timestamp:1639119990
2021-12-10 16:06:33,245 - PredictionTime.Milliseconds:2755.82|#ModelName:spacing,Level:Model|#hostname:Tae-wons-MacBook-Pro.local,requestID:69219d9f-6c21-49e3-8e7c-4d3e4908acea,timestamp:1639119993
2021-12-10 16:06:36,268 - PredictionTime.Milliseconds:2904.08|#ModelName:spacing,Level:Model|#hostname:Tae-wons-MacBook-Pro.local,requestID:960a0516-42a5-4119-8cf9-72f1720eb8e2,timestamp:1639119996
2021-12-10 16:06:39,136 - PredictionTime.Milliseconds:2708.64|#ModelName:spacing,Level:Model|#hostname:Tae-wons-MacBook-Pro.local,requestID:174afca2-cfb3-41f4-87c5-ab8344e19ec4,timestamp:1639119999
2021-12-10 16:06:41,986 - PredictionTime.Milliseconds:2732.04|#ModelName:spacing,Level:Model|#hostname:Tae-wons-MacBook-Pro.local,requestID:266f3ec9-b8e2-4132-9100-4f83753cbf4c,timestamp:1639120001
2021-12-10 16:06:44,943 - PredictionTime.Milliseconds:2804.06|#ModelName:spacing,Level:Model|#hostname:Tae-wons-MacBook-Pro.local,requestID:57a08fdc-89c0-487d-a60f-fe3c98214d70,timestamp:1639120004
2021-12-10 16:06:47,707 - PredictionTime.Milliseconds:2639.58|#ModelName:spacing,Level:Model|#hostname:Tae-wons-MacBook-Pro.local,requestID:17d63d6a-67d4-4456-a341-6f9ef0588011,timestamp:1639120007
2021-12-10 16:06:50,511 - PredictionTime.Milliseconds:2711.11|#ModelName:spacing,Level:Model|#hostname:Tae-wons-MacBook-Pro.local,requestID:aec55132-52b0-4b8c-bc6d-ee9047863406,timestamp:1639120010
2021-12-10 16:06:53,372 - PredictionTime.Milliseconds:2710.88|#ModelName:spacing,Level:Model|#hostname:Tae-wons-MacBook-Pro.local,requestID:c3b31d48-88a2-4a18-89b9-3fa5b4feae1f,timestamp:1639120013
2021-12-10 16:06:56,224 - PredictionTime.Milliseconds:2731.73|#ModelName:spacing,Level:Model|#hostname:Tae-wons-MacBook-Pro.local,requestID:3c702588-7c9d-46dc-bcbb-95c71c0c7f17,timestamp:1639120016
2021-12-10 16:06:59,073 - PredictionTime.Milliseconds:2748.62|#ModelName:spacing,Level:Model|#hostname:Tae-wons-MacBook-Pro.local,requestID:7b2c445e-5910-4c47-99eb-f258952e3e5e,timestamp:1639120019
2021-12-10 16:07:01,872 - PredictionTime.Milliseconds:2700.63|#ModelName:spacing,Level:Model|#hostname:Tae-wons-MacBook-Pro.local,requestID:d066fbb7-fc48-4293-948c-0d797e55e8a7,timestamp:1639120021
2021-12-10 16:07:04,627 - PredictionTime.Milliseconds:2671.68|#ModelName:spacing,Level:Model|#hostname:Tae-wons-MacBook-Pro.local,requestID:3ef8412a-853d-47ae-a4aa-301dd05a7e66,timestamp:1639120024
2021-12-10 16:07:07,476 - PredictionTime.Milliseconds:2765.85|#ModelName:spacing,Level:Model|#hostname:Tae-wons-MacBook-Pro.local,requestID:7dcd5a0e-7c7d-4712-9236-3aacfea6dd62,timestamp:1639120027
2021-12-10 16:07:10,299 - PredictionTime.Milliseconds:2739.14|#ModelName:spacing,Level:Model|#hostname:Tae-wons-MacBook-Pro.local,requestID:715da185-c3b8-40da-9e67-963f15e10bd4,timestamp:1639120030
2021-12-10 16:07:13,099 - PredictionTime.Milliseconds:2705.79|#ModelName:spacing,Level:Model|#hostname:Tae-wons-MacBook-Pro.local,requestID:30e2e03a-8b8d-4ad9-9f47-8cd14775a49d,timestamp:1639120033
2021-12-10 16:07:15,816 - PredictionTime.Milliseconds:2611.83|#ModelName:spacing,Level:Model|#hostname:Tae-wons-MacBook-Pro.local,requestID:d059da01-0049-426f-a51b-c61aded2494d,timestamp:1639120035
2021-12-10 16:07:18,717 - PredictionTime.Milliseconds:2826.7|#ModelName:spacing,Level:Model|#hostname:Tae-wons-MacBook-Pro.local,requestID:65900197-0f5b-401a-a5c6-7c6ad6f6b983,timestamp:1639120038
2021-12-10 16:07:22,097 - PredictionTime.Milliseconds:3016.63|#ModelName:spacing,Level:Model|#hostname:Tae-wons-MacBook-Pro.local,requestID:0cae600f-6437-4d87-952c-f04d677087cd,timestamp:1639120042
2021-12-10 16:07:24,858 - PredictionTime.Milliseconds:2664.7|#ModelName:spacing,Level:Model|#hostname:Tae-wons-MacBook-Pro.local,requestID:4ccceb71-f8a0-445f-9d5f-e6c2f15605c2,timestamp:1639120044
2021-12-10 16:07:27,701 - PredictionTime.Milliseconds:2752.88|#ModelName:spacing,Level:Model|#hostname:Tae-wons-MacBook-Pro.local,requestID:22ccd954-6d57-4f08-8d35-115accb7d2a5,timestamp:1639120047
2021-12-10 16:07:30,902 - PredictionTime.Milliseconds:3101.41|#ModelName:spacing,Level:Model|#hostname:Tae-wons-MacBook-Pro.local,requestID:abe63bb5-caaa-4341-975c-81f6f06e40e4,timestamp:1639120050
2021-12-10 16:07:33,956 - PredictionTime.Milliseconds:2941.3|#ModelName:spacing,Level:Model|#hostname:Tae-wons-MacBook-Pro.local,requestID:f16212a5-1d99-4b91-8315-c46f19008f44,timestamp:1639120053
2021-12-10 16:07:36,886 - PredictionTime.Milliseconds:2844.12|#ModelName:spacing,Level:Model|#hostname:Tae-wons-MacBook-Pro.local,requestID:52ea5055-e33b-40e8-b983-db6638505884,timestamp:1639120056
2021-12-10 16:07:40,213 - PredictionTime.Milliseconds:3007.18|#ModelName:spacing,Level:Model|#hostname:Tae-wons-MacBook-Pro.local,requestID:a29ba8d8-1c39-493c-8526-f59221971303,timestamp:1639120060
2021-12-10 16:07:43,198 - PredictionTime.Milliseconds:2892.41|#ModelName:spacing,Level:Model|#hostname:Tae-wons-MacBook-Pro.local,requestID:66facdd7-197c-4c1d-99ee-b14d8d39a209,timestamp:1639120063
2021-12-10 16:07:46,302 - PredictionTime.Milliseconds:2940.29|#ModelName:spacing,Level:Model|#hostname:Tae-wons-MacBook-Pro.local,requestID:b881154b-d433-4154-aeb5-16afd61d0804,timestamp:1639120066
2021-12-10 16:07:49,207 - PredictionTime.Milliseconds:2761.91|#ModelName:spacing,Level:Model|#hostname:Tae-wons-MacBook-Pro.local,requestID:1b9fbf5a-9c10-4494-8f30-13b0d03c7a07,timestamp:1639120069
2021-12-10 16:07:52,166 - PredictionTime.Milliseconds:2867.79|#ModelName:spacing,Level:Model|#hostname:Tae-wons-MacBook-Pro.local,requestID:c4291396-208c-4285-91b4-6181a27f80ba,timestamp:1639120072
2021-12-10 16:07:55,256 - PredictionTime.Milliseconds:3003.38|#ModelName:spacing,Level:Model|#hostname:Tae-wons-MacBook-Pro.local,requestID:0ea936f2-e648-4a93-a286-62549042604b,timestamp:1639120075
2021-12-10 16:07:58,077 - PredictionTime.Milliseconds:2724.76|#ModelName:spacing,Level:Model|#hostname:Tae-wons-MacBook-Pro.local,requestID:fc688bfb-1271-444f-89d6-f7b8052a5828,timestamp:1639120078
2021-12-10 16:08:01,458 - PredictionTime.Milliseconds:2983.25|#ModelName:spacing,Level:Model|#hostname:Tae-wons-MacBook-Pro.local,requestID:cf2c53f2-b51f-459f-a4d0-c8b694612676,timestamp:1639120081
2021-12-10 16:08:04,295 - PredictionTime.Milliseconds:2740.41|#ModelName:spacing,Level:Model|#hostname:Tae-wons-MacBook-Pro.local,requestID:e2220a21-2355-4058-97e3-82a51c7de4d7,timestamp:1639120084
2021-12-10 16:08:07,465 - PredictionTime.Milliseconds:3049.32|#ModelName:spacing,Level:Model|#hostname:Tae-wons-MacBook-Pro.local,requestID:0a5d9e61-9f26-4a70-b586-d0e5235c16ac,timestamp:1639120087
2021-12-10 16:08:10,386 - PredictionTime.Milliseconds:2829.34|#ModelName:spacing,Level:Model|#hostname:Tae-wons-MacBook-Pro.local,requestID:fd1b5970-4276-4360-907c-b11cf7c4a75b,timestamp:1639120090
2021-12-10 16:08:13,222 - PredictionTime.Milliseconds:2753.72|#ModelName:spacing,Level:Model|#hostname:Tae-wons-MacBook-Pro.local,requestID:2059d8c9-66d3-4eae-978f-a8f299a82250,timestamp:1639120093
2021-12-10 16:08:16,072 - PredictionTime.Milliseconds:2800.06|#ModelName:spacing,Level:Model|#hostname:Tae-wons-MacBook-Pro.local,requestID:f6577d13-1aae-426b-83bd-400c0a2ba2c5,timestamp:1639120096
2021-12-10 16:08:18,939 - PredictionTime.Milliseconds:2724.14|#ModelName:spacing,Level:Model|#hostname:Tae-wons-MacBook-Pro.local,requestID:2da0db62-8dc0-49e6-82fb-53081e3e1083,timestamp:1639120098
2021-12-10 16:08:21,925 - PredictionTime.Milliseconds:2903.5|#ModelName:spacing,Level:Model|#hostname:Tae-wons-MacBook-Pro.local,requestID:667f9aab-6e7b-4578-b8ce-560365f38d86,timestamp:1639120101
2021-12-10 16:08:24,802 - PredictionTime.Milliseconds:2800.04|#ModelName:spacing,Level:Model|#hostname:Tae-wons-MacBook-Pro.local,requestID:1fe8594f-1154-4c0c-b5af-2a4bff6a890e,timestamp:1639120104
