2021-12-14 13:31:52,436 [INFO ] W-9005-spacing_1.0-stdout MODEL_LOG - Listening on port: /var/folders/l9/47_zg5s92xn2x10nhh5p73l40000gn/T//.ts.sock.9005
2021-12-14 13:31:52,446 [INFO ] W-9005-spacing_1.0-stdout MODEL_LOG - [PID]67613
2021-12-14 13:31:52,447 [INFO ] W-9005-spacing_1.0-stdout MODEL_LOG - Torch worker started.
2021-12-14 13:31:52,448 [INFO ] W-9005-spacing_1.0-stdout MODEL_LOG - Python runtime: 3.9.7
2021-12-14 13:31:52,645 [INFO ] W-9002-spacing_1.0-stdout MODEL_LOG - Listening on port: /var/folders/l9/47_zg5s92xn2x10nhh5p73l40000gn/T//.ts.sock.9002
2021-12-14 13:31:52,652 [INFO ] W-9002-spacing_1.0-stdout MODEL_LOG - [PID]67618
2021-12-14 13:31:52,653 [INFO ] W-9002-spacing_1.0-stdout MODEL_LOG - Torch worker started.
2021-12-14 13:31:52,653 [INFO ] W-9002-spacing_1.0-stdout MODEL_LOG - Python runtime: 3.9.7
2021-12-14 13:31:52,656 [INFO ] W-9001-spacing_1.0-stdout MODEL_LOG - Listening on port: /var/folders/l9/47_zg5s92xn2x10nhh5p73l40000gn/T//.ts.sock.9001
2021-12-14 13:31:52,656 [INFO ] W-9007-spacing_1.0-stdout MODEL_LOG - Listening on port: /var/folders/l9/47_zg5s92xn2x10nhh5p73l40000gn/T//.ts.sock.9007
2021-12-14 13:31:52,657 [INFO ] W-9001-spacing_1.0-stdout MODEL_LOG - [PID]67614
2021-12-14 13:31:52,657 [INFO ] W-9007-spacing_1.0-stdout MODEL_LOG - [PID]67616
2021-12-14 13:31:52,660 [INFO ] W-9003-spacing_1.0-stdout MODEL_LOG - Listening on port: /var/folders/l9/47_zg5s92xn2x10nhh5p73l40000gn/T//.ts.sock.9003
2021-12-14 13:31:52,661 [INFO ] W-9001-spacing_1.0-stdout MODEL_LOG - Torch worker started.
2021-12-14 13:31:52,661 [INFO ] W-9001-spacing_1.0-stdout MODEL_LOG - Python runtime: 3.9.7
2021-12-14 13:31:52,661 [INFO ] W-9007-spacing_1.0-stdout MODEL_LOG - Torch worker started.
2021-12-14 13:31:52,662 [INFO ] W-9003-spacing_1.0-stdout MODEL_LOG - [PID]67617
2021-12-14 13:31:52,663 [INFO ] W-9007-spacing_1.0-stdout MODEL_LOG - Python runtime: 3.9.7
2021-12-14 13:31:52,664 [INFO ] W-9003-spacing_1.0-stdout MODEL_LOG - Torch worker started.
2021-12-14 13:31:52,664 [INFO ] W-9003-spacing_1.0-stdout MODEL_LOG - Python runtime: 3.9.7
2021-12-14 13:31:52,665 [INFO ] W-9004-spacing_1.0-stdout MODEL_LOG - Listening on port: /var/folders/l9/47_zg5s92xn2x10nhh5p73l40000gn/T//.ts.sock.9004
2021-12-14 13:31:52,665 [INFO ] W-9000-spacing_1.0-stdout MODEL_LOG - Listening on port: /var/folders/l9/47_zg5s92xn2x10nhh5p73l40000gn/T//.ts.sock.9000
2021-12-14 13:31:52,665 [INFO ] W-9004-spacing_1.0-stdout MODEL_LOG - [PID]67612
2021-12-14 13:31:52,666 [INFO ] W-9000-spacing_1.0-stdout MODEL_LOG - [PID]67611
2021-12-14 13:31:52,666 [INFO ] W-9004-spacing_1.0-stdout MODEL_LOG - Torch worker started.
2021-12-14 13:31:52,666 [INFO ] W-9000-spacing_1.0-stdout MODEL_LOG - Torch worker started.
2021-12-14 13:31:52,666 [INFO ] W-9004-spacing_1.0-stdout MODEL_LOG - Python runtime: 3.9.7
2021-12-14 13:31:52,666 [INFO ] W-9000-spacing_1.0-stdout MODEL_LOG - Python runtime: 3.9.7
2021-12-14 13:31:52,672 [INFO ] W-9006-spacing_1.0-stdout MODEL_LOG - Listening on port: /var/folders/l9/47_zg5s92xn2x10nhh5p73l40000gn/T//.ts.sock.9006
2021-12-14 13:31:52,677 [INFO ] W-9006-spacing_1.0-stdout MODEL_LOG - [PID]67615
2021-12-14 13:31:52,678 [INFO ] W-9006-spacing_1.0-stdout MODEL_LOG - Torch worker started.
2021-12-14 13:31:52,678 [INFO ] W-9006-spacing_1.0-stdout MODEL_LOG - Python runtime: 3.9.7
2021-12-14 13:31:52,842 [INFO ] W-9005-spacing_1.0-stdout MODEL_LOG - Connection accepted: /var/folders/l9/47_zg5s92xn2x10nhh5p73l40000gn/T//.ts.sock.9005.
2021-12-14 13:31:52,844 [INFO ] W-9006-spacing_1.0-stdout MODEL_LOG - Connection accepted: /var/folders/l9/47_zg5s92xn2x10nhh5p73l40000gn/T//.ts.sock.9006.
2021-12-14 13:31:52,843 [INFO ] W-9007-spacing_1.0-stdout MODEL_LOG - Connection accepted: /var/folders/l9/47_zg5s92xn2x10nhh5p73l40000gn/T//.ts.sock.9007.
2021-12-14 13:31:52,843 [INFO ] W-9003-spacing_1.0-stdout MODEL_LOG - Connection accepted: /var/folders/l9/47_zg5s92xn2x10nhh5p73l40000gn/T//.ts.sock.9003.
2021-12-14 13:31:52,843 [INFO ] W-9000-spacing_1.0-stdout MODEL_LOG - Connection accepted: /var/folders/l9/47_zg5s92xn2x10nhh5p73l40000gn/T//.ts.sock.9000.
2021-12-14 13:31:52,843 [INFO ] W-9002-spacing_1.0-stdout MODEL_LOG - Connection accepted: /var/folders/l9/47_zg5s92xn2x10nhh5p73l40000gn/T//.ts.sock.9002.
2021-12-14 13:31:52,843 [INFO ] W-9004-spacing_1.0-stdout MODEL_LOG - Connection accepted: /var/folders/l9/47_zg5s92xn2x10nhh5p73l40000gn/T//.ts.sock.9004.
2021-12-14 13:31:52,843 [INFO ] W-9001-spacing_1.0-stdout MODEL_LOG - Connection accepted: /var/folders/l9/47_zg5s92xn2x10nhh5p73l40000gn/T//.ts.sock.9001.
2021-12-14 13:31:52,936 [INFO ] W-9003-spacing_1.0-stdout MODEL_LOG - model_name: spacing, batchSize: 1
2021-12-14 13:31:52,937 [INFO ] W-9001-spacing_1.0-stdout MODEL_LOG - model_name: spacing, batchSize: 1
2021-12-14 13:31:52,937 [INFO ] W-9006-spacing_1.0-stdout MODEL_LOG - model_name: spacing, batchSize: 1
2021-12-14 13:31:52,937 [INFO ] W-9005-spacing_1.0-stdout MODEL_LOG - model_name: spacing, batchSize: 1
2021-12-14 13:31:52,938 [INFO ] W-9007-spacing_1.0-stdout MODEL_LOG - model_name: spacing, batchSize: 1
2021-12-14 13:31:52,942 [INFO ] W-9002-spacing_1.0-stdout MODEL_LOG - model_name: spacing, batchSize: 1
2021-12-14 13:31:52,943 [INFO ] W-9004-spacing_1.0-stdout MODEL_LOG - model_name: spacing, batchSize: 1
2021-12-14 13:31:52,943 [INFO ] W-9000-spacing_1.0-stdout MODEL_LOG - model_name: spacing, batchSize: 1
2021-12-14 13:31:56,641 [INFO ] W-9009-dent_1.0-stdout MODEL_LOG - Listening on port: /var/folders/l9/47_zg5s92xn2x10nhh5p73l40000gn/T//.ts.sock.9009
2021-12-14 13:31:56,643 [INFO ] W-9009-dent_1.0-stdout MODEL_LOG - [PID]67620
2021-12-14 13:31:56,645 [INFO ] W-9009-dent_1.0-stdout MODEL_LOG - Torch worker started.
2021-12-14 13:31:56,645 [INFO ] W-9009-dent_1.0-stdout MODEL_LOG - Python runtime: 3.9.7
2021-12-14 13:31:56,653 [INFO ] W-9013-dent_1.0-stdout MODEL_LOG - Listening on port: /var/folders/l9/47_zg5s92xn2x10nhh5p73l40000gn/T//.ts.sock.9013
2021-12-14 13:31:56,655 [INFO ] W-9013-dent_1.0-stdout MODEL_LOG - [PID]67622
2021-12-14 13:31:56,655 [INFO ] W-9013-dent_1.0-stdout MODEL_LOG - Torch worker started.
2021-12-14 13:31:56,655 [INFO ] W-9013-dent_1.0-stdout MODEL_LOG - Python runtime: 3.9.7
2021-12-14 13:31:56,730 [INFO ] W-9015-dent_1.0-stdout MODEL_LOG - Listening on port: /var/folders/l9/47_zg5s92xn2x10nhh5p73l40000gn/T//.ts.sock.9015
2021-12-14 13:31:56,733 [INFO ] W-9014-dent_1.0-stdout MODEL_LOG - Listening on port: /var/folders/l9/47_zg5s92xn2x10nhh5p73l40000gn/T//.ts.sock.9014
2021-12-14 13:31:56,731 [INFO ] W-9009-dent_1.0-stdout MODEL_LOG - Connection accepted: /var/folders/l9/47_zg5s92xn2x10nhh5p73l40000gn/T//.ts.sock.9009.
2021-12-14 13:31:56,733 [INFO ] W-9013-dent_1.0-stdout MODEL_LOG - Connection accepted: /var/folders/l9/47_zg5s92xn2x10nhh5p73l40000gn/T//.ts.sock.9013.
2021-12-14 13:31:56,735 [INFO ] W-9014-dent_1.0-stdout MODEL_LOG - [PID]67625
2021-12-14 13:31:56,735 [INFO ] W-9015-dent_1.0-stdout MODEL_LOG - [PID]67626
2021-12-14 13:31:56,750 [INFO ] W-9015-dent_1.0-stdout MODEL_LOG - Torch worker started.
2021-12-14 13:31:56,754 [INFO ] W-9014-dent_1.0-stdout MODEL_LOG - Torch worker started.
2021-12-14 13:31:56,767 [INFO ] W-9015-dent_1.0-stdout MODEL_LOG - Python runtime: 3.9.7
2021-12-14 13:31:56,767 [INFO ] W-9012-dent_1.0-stdout MODEL_LOG - Listening on port: /var/folders/l9/47_zg5s92xn2x10nhh5p73l40000gn/T//.ts.sock.9012
2021-12-14 13:31:56,767 [INFO ] W-9010-dent_1.0-stdout MODEL_LOG - Listening on port: /var/folders/l9/47_zg5s92xn2x10nhh5p73l40000gn/T//.ts.sock.9010
2021-12-14 13:31:56,769 [INFO ] W-9011-dent_1.0-stdout MODEL_LOG - Listening on port: /var/folders/l9/47_zg5s92xn2x10nhh5p73l40000gn/T//.ts.sock.9011
2021-12-14 13:31:56,773 [INFO ] W-9011-dent_1.0-stdout MODEL_LOG - [PID]67623
2021-12-14 13:31:56,777 [INFO ] W-9010-dent_1.0-stdout MODEL_LOG - [PID]67621
2021-12-14 13:31:56,776 [INFO ] W-9008-dent_1.0-stdout MODEL_LOG - Listening on port: /var/folders/l9/47_zg5s92xn2x10nhh5p73l40000gn/T//.ts.sock.9008
2021-12-14 13:31:56,780 [INFO ] W-9012-dent_1.0-stdout MODEL_LOG - [PID]67619
2021-12-14 13:31:56,782 [INFO ] W-9010-dent_1.0-stdout MODEL_LOG - Torch worker started.
2021-12-14 13:31:56,782 [INFO ] W-9011-dent_1.0-stdout MODEL_LOG - Torch worker started.
2021-12-14 13:31:56,782 [INFO ] W-9008-dent_1.0-stdout MODEL_LOG - [PID]67624
2021-12-14 13:31:56,780 [INFO ] W-9014-dent_1.0-stdout MODEL_LOG - Python runtime: 3.9.7
2021-12-14 13:31:56,784 [INFO ] W-9013-dent_1.0-stdout MODEL_LOG - model_name: dent, batchSize: 1
2021-12-14 13:31:56,784 [INFO ] W-9008-dent_1.0-stdout MODEL_LOG - Torch worker started.
2021-12-14 13:31:56,784 [INFO ] W-9011-dent_1.0-stdout MODEL_LOG - Python runtime: 3.9.7
2021-12-14 13:31:56,784 [INFO ] W-9010-dent_1.0-stdout MODEL_LOG - Python runtime: 3.9.7
2021-12-14 13:31:56,784 [INFO ] W-9012-dent_1.0-stdout MODEL_LOG - Torch worker started.
2021-12-14 13:31:56,785 [INFO ] W-9012-dent_1.0-stdout MODEL_LOG - Python runtime: 3.9.7
2021-12-14 13:31:56,785 [INFO ] W-9008-dent_1.0-stdout MODEL_LOG - Python runtime: 3.9.7
2021-12-14 13:31:56,799 [INFO ] W-9010-dent_1.0-stdout MODEL_LOG - Connection accepted: /var/folders/l9/47_zg5s92xn2x10nhh5p73l40000gn/T//.ts.sock.9010.
2021-12-14 13:31:56,800 [INFO ] W-9009-dent_1.0-stdout MODEL_LOG - model_name: dent, batchSize: 1
2021-12-14 13:31:56,812 [INFO ] W-9012-dent_1.0-stdout MODEL_LOG - Connection accepted: /var/folders/l9/47_zg5s92xn2x10nhh5p73l40000gn/T//.ts.sock.9012.
2021-12-14 13:31:56,837 [INFO ] W-9015-dent_1.0-stdout MODEL_LOG - Connection accepted: /var/folders/l9/47_zg5s92xn2x10nhh5p73l40000gn/T//.ts.sock.9015.
2021-12-14 13:31:56,837 [INFO ] W-9014-dent_1.0-stdout MODEL_LOG - Connection accepted: /var/folders/l9/47_zg5s92xn2x10nhh5p73l40000gn/T//.ts.sock.9014.
2021-12-14 13:31:56,815 [INFO ] W-9008-dent_1.0-stdout MODEL_LOG - Connection accepted: /var/folders/l9/47_zg5s92xn2x10nhh5p73l40000gn/T//.ts.sock.9008.
2021-12-14 13:31:56,927 [INFO ] W-9010-dent_1.0-stdout MODEL_LOG - model_name: dent, batchSize: 1
2021-12-14 13:31:56,931 [INFO ] W-9012-dent_1.0-stdout MODEL_LOG - model_name: dent, batchSize: 1
2021-12-14 13:31:56,945 [INFO ] W-9014-dent_1.0-stdout MODEL_LOG - model_name: dent, batchSize: 1
2021-12-14 13:31:56,946 [INFO ] W-9008-dent_1.0-stdout MODEL_LOG - model_name: dent, batchSize: 1
2021-12-14 13:31:56,946 [INFO ] W-9015-dent_1.0-stdout MODEL_LOG - model_name: dent, batchSize: 1
2021-12-14 13:31:56,990 [INFO ] W-9011-dent_1.0-stdout MODEL_LOG - Connection accepted: /var/folders/l9/47_zg5s92xn2x10nhh5p73l40000gn/T//.ts.sock.9011.
2021-12-14 13:31:57,109 [INFO ] W-9011-dent_1.0-stdout MODEL_LOG - model_name: dent, batchSize: 1
2021-12-14 13:32:01,317 [INFO ] W-9023-scratch_1.0-stdout MODEL_LOG - Listening on port: /var/folders/l9/47_zg5s92xn2x10nhh5p73l40000gn/T//.ts.sock.9023
2021-12-14 13:32:01,320 [INFO ] W-9019-scratch_1.0-stdout MODEL_LOG - Listening on port: /var/folders/l9/47_zg5s92xn2x10nhh5p73l40000gn/T//.ts.sock.9019
2021-12-14 13:32:01,327 [INFO ] W-9023-scratch_1.0-stdout MODEL_LOG - [PID]67650
2021-12-14 13:32:01,328 [INFO ] W-9019-scratch_1.0-stdout MODEL_LOG - [PID]67643
2021-12-14 13:32:01,328 [INFO ] W-9019-scratch_1.0-stdout MODEL_LOG - Torch worker started.
2021-12-14 13:32:01,328 [INFO ] W-9019-scratch_1.0-stdout MODEL_LOG - Python runtime: 3.9.7
2021-12-14 13:32:01,328 [INFO ] W-9023-scratch_1.0-stdout MODEL_LOG - Torch worker started.
2021-12-14 13:32:01,329 [INFO ] W-9023-scratch_1.0-stdout MODEL_LOG - Python runtime: 3.9.7
2021-12-14 13:32:01,352 [INFO ] W-9023-scratch_1.0-stdout MODEL_LOG - Connection accepted: /var/folders/l9/47_zg5s92xn2x10nhh5p73l40000gn/T//.ts.sock.9023.
2021-12-14 13:32:01,352 [INFO ] W-9019-scratch_1.0-stdout MODEL_LOG - Connection accepted: /var/folders/l9/47_zg5s92xn2x10nhh5p73l40000gn/T//.ts.sock.9019.
2021-12-14 13:32:01,354 [INFO ] W-9017-scratch_1.0-stdout MODEL_LOG - Listening on port: /var/folders/l9/47_zg5s92xn2x10nhh5p73l40000gn/T//.ts.sock.9017
2021-12-14 13:32:01,357 [INFO ] W-9021-scratch_1.0-stdout MODEL_LOG - Listening on port: /var/folders/l9/47_zg5s92xn2x10nhh5p73l40000gn/T//.ts.sock.9021
2021-12-14 13:32:01,362 [INFO ] W-9017-scratch_1.0-stdout MODEL_LOG - [PID]67645
2021-12-14 13:32:01,362 [INFO ] W-9018-scratch_1.0-stdout MODEL_LOG - Listening on port: /var/folders/l9/47_zg5s92xn2x10nhh5p73l40000gn/T//.ts.sock.9018
2021-12-14 13:32:01,364 [INFO ] W-9021-scratch_1.0-stdout MODEL_LOG - [PID]67644
2021-12-14 13:32:01,371 [INFO ] W-9018-scratch_1.0-stdout MODEL_LOG - [PID]67648
2021-12-14 13:32:01,372 [INFO ] W-9017-scratch_1.0-stdout MODEL_LOG - Torch worker started.
2021-12-14 13:32:01,374 [INFO ] W-9018-scratch_1.0-stdout MODEL_LOG - Torch worker started.
2021-12-14 13:32:01,374 [INFO ] W-9018-scratch_1.0-stdout MODEL_LOG - Python runtime: 3.9.7
2021-12-14 13:32:01,371 [INFO ] W-9021-scratch_1.0-stdout MODEL_LOG - Torch worker started.
2021-12-14 13:32:01,375 [INFO ] W-9021-scratch_1.0-stdout MODEL_LOG - Python runtime: 3.9.7
2021-12-14 13:32:01,375 [INFO ] W-9019-scratch_1.0-stdout MODEL_LOG - model_name: scratch, batchSize: 1
2021-12-14 13:32:01,377 [INFO ] W-9023-scratch_1.0-stdout MODEL_LOG - model_name: scratch, batchSize: 1
2021-12-14 13:32:01,377 [INFO ] W-9017-scratch_1.0-stdout MODEL_LOG - Python runtime: 3.9.7
2021-12-14 13:32:01,420 [INFO ] W-9016-scratch_1.0-stdout MODEL_LOG - Listening on port: /var/folders/l9/47_zg5s92xn2x10nhh5p73l40000gn/T//.ts.sock.9016
2021-12-14 13:32:01,423 [INFO ] W-9016-scratch_1.0-stdout MODEL_LOG - [PID]67646
2021-12-14 13:32:01,423 [INFO ] W-9016-scratch_1.0-stdout MODEL_LOG - Torch worker started.
2021-12-14 13:32:01,423 [INFO ] W-9016-scratch_1.0-stdout MODEL_LOG - Python runtime: 3.9.7
2021-12-14 13:32:01,422 [INFO ] W-9017-scratch_1.0-stdout MODEL_LOG - Connection accepted: /var/folders/l9/47_zg5s92xn2x10nhh5p73l40000gn/T//.ts.sock.9017.
2021-12-14 13:32:01,422 [INFO ] W-9018-scratch_1.0-stdout MODEL_LOG - Connection accepted: /var/folders/l9/47_zg5s92xn2x10nhh5p73l40000gn/T//.ts.sock.9018.
2021-12-14 13:32:01,478 [INFO ] W-9020-scratch_1.0-stdout MODEL_LOG - Listening on port: /var/folders/l9/47_zg5s92xn2x10nhh5p73l40000gn/T//.ts.sock.9020
2021-12-14 13:32:01,442 [INFO ] W-9021-scratch_1.0-stdout MODEL_LOG - Connection accepted: /var/folders/l9/47_zg5s92xn2x10nhh5p73l40000gn/T//.ts.sock.9021.
2021-12-14 13:32:01,427 [INFO ] W-9022-scratch_1.0-stdout MODEL_LOG - Listening on port: /var/folders/l9/47_zg5s92xn2x10nhh5p73l40000gn/T//.ts.sock.9022
2021-12-14 13:32:01,532 [INFO ] W-9017-scratch_1.0-stdout MODEL_LOG - model_name: scratch, batchSize: 1
2021-12-14 13:32:01,535 [INFO ] W-9022-scratch_1.0-stdout MODEL_LOG - [PID]67647
2021-12-14 13:32:01,536 [INFO ] W-9021-scratch_1.0-stdout MODEL_LOG - model_name: scratch, batchSize: 1
2021-12-14 13:32:01,536 [INFO ] W-9020-scratch_1.0-stdout MODEL_LOG - [PID]67649
2021-12-14 13:32:01,542 [INFO ] W-9018-scratch_1.0-stdout MODEL_LOG - model_name: scratch, batchSize: 1
2021-12-14 13:32:01,552 [INFO ] W-9020-scratch_1.0-stdout MODEL_LOG - Torch worker started.
2021-12-14 13:32:01,552 [INFO ] W-9022-scratch_1.0-stdout MODEL_LOG - Torch worker started.
2021-12-14 13:32:01,552 [INFO ] W-9022-scratch_1.0-stdout MODEL_LOG - Python runtime: 3.9.7
2021-12-14 13:32:01,554 [INFO ] W-9020-scratch_1.0-stdout MODEL_LOG - Python runtime: 3.9.7
2021-12-14 13:32:01,659 [INFO ] W-9016-scratch_1.0-stdout MODEL_LOG - Connection accepted: /var/folders/l9/47_zg5s92xn2x10nhh5p73l40000gn/T//.ts.sock.9016.
2021-12-14 13:32:01,664 [INFO ] W-9022-scratch_1.0-stdout MODEL_LOG - Connection accepted: /var/folders/l9/47_zg5s92xn2x10nhh5p73l40000gn/T//.ts.sock.9022.
2021-12-14 13:32:01,666 [INFO ] W-9020-scratch_1.0-stdout MODEL_LOG - Connection accepted: /var/folders/l9/47_zg5s92xn2x10nhh5p73l40000gn/T//.ts.sock.9020.
2021-12-14 13:32:01,674 [INFO ] W-9020-scratch_1.0-stdout MODEL_LOG - model_name: scratch, batchSize: 1
2021-12-14 13:32:01,687 [INFO ] W-9022-scratch_1.0-stdout MODEL_LOG - model_name: scratch, batchSize: 1
2021-12-14 13:32:01,689 [INFO ] W-9016-scratch_1.0-stdout MODEL_LOG - model_name: scratch, batchSize: 1
2021-12-14 13:32:11,090 [INFO ] W-9013-dent_1.0-stdout MODEL_LOG - BACKBONE: [32m /private/var/folders/l9/47_zg5s92xn2x10nhh5p73l40000gn/T/models/84b7ee7dab7240fa82ca124285b52e89/efficientunet/checkpoint/pretrained_effb4_orignal_stanford_16000.pt [0m
2021-12-14 13:32:11,111 [INFO ] W-9013-dent_1.0-stdout MODEL_LOG - NET:  [32m /private/var/folders/l9/47_zg5s92xn2x10nhh5p73l40000gn/T/models/84b7ee7dab7240fa82ca124285b52e89/best_imagenet-b4_0.421.pth [0m
2021-12-14 13:32:11,111 [INFO ] W-9013-dent_1.0-stdout MODEL_LOG - tensor([[[ 1.8494,  1.7262,  1.7131,  ...,  1.8539,  1.8078,  1.8957],
2021-12-14 13:32:11,111 [INFO ] W-9013-dent_1.0-stdout MODEL_LOG -          [ 1.7677,  1.6702,  1.6315,  ...,  1.6880,  1.6341,  1.7666],
2021-12-14 13:32:11,111 [INFO ] W-9013-dent_1.0-stdout MODEL_LOG -          [ 1.7634,  1.6413,  1.5953,  ...,  1.6271,  1.5806,  1.7732],
2021-12-14 13:32:11,111 [INFO ] W-9013-dent_1.0-stdout MODEL_LOG -          ...,
2021-12-14 13:32:11,111 [INFO ] W-9013-dent_1.0-stdout MODEL_LOG -          [ 1.5986,  1.7132,  1.7154,  ...,  1.7268,  1.7860,  1.9394],
2021-12-14 13:32:11,111 [INFO ] W-9013-dent_1.0-stdout MODEL_LOG -          [ 1.5734,  1.6846,  1.7063,  ...,  1.7531,  1.7527,  1.9185],
2021-12-14 13:32:11,111 [INFO ] W-9013-dent_1.0-stdout MODEL_LOG -          [ 1.6126,  1.6111,  1.6315,  ...,  1.9306,  1.9494,  2.0207]],
2021-12-14 13:32:11,111 [INFO ] W-9013-dent_1.0-stdout MODEL_LOG - 
2021-12-14 13:32:11,111 [INFO ] W-9013-dent_1.0-stdout MODEL_LOG -         [[-1.7045, -1.6204, -1.6406,  ..., -1.5459, -1.6115, -1.6555],
2021-12-14 13:32:11,111 [INFO ] W-9013-dent_1.0-stdout MODEL_LOG -          [-1.6802, -1.6405, -1.6750,  ..., -1.4259, -1.5468, -1.6484],
2021-12-14 13:32:11,111 [INFO ] W-9013-dent_1.0-stdout MODEL_LOG -          [-1.6980, -1.6754, -1.7126,  ..., -1.3502, -1.5472, -1.6739],
2021-12-14 13:32:11,123 [INFO ] W-9013-dent_1.0-stdout MODEL_LOG -          ...,
2021-12-14 13:32:11,123 [INFO ] W-9013-dent_1.0-stdout MODEL_LOG -          [-1.6078, -1.5887, -1.6337,  ..., -1.4611, -1.4825, -1.5544],
2021-12-14 13:32:11,123 [INFO ] W-9013-dent_1.0-stdout MODEL_LOG -          [-1.5574, -1.5427, -1.5189,  ..., -1.4872, -1.4577, -1.5602],
2021-12-14 13:32:11,123 [INFO ] W-9013-dent_1.0-stdout MODEL_LOG -          [-1.5251, -1.4098, -1.4282,  ..., -1.6082, -1.6203, -1.6696]]])
2021-12-14 13:32:11,123 [INFO ] W-9013-dent_1.0-stdout MODEL_LOG - ==================================================
2021-12-14 13:32:11,123 [INFO ] W-9013-dent_1.0-stdout MODEL_LOG - tensor([[[0.9722, 0.9660, 0.9662,  ..., 0.9677, 0.9683, 0.9721],
2021-12-14 13:32:11,123 [INFO ] W-9013-dent_1.0-stdout MODEL_LOG -          [0.9692, 0.9648, 0.9647,  ..., 0.9575, 0.9601, 0.9682],
2021-12-14 13:32:11,123 [INFO ] W-9013-dent_1.0-stdout MODEL_LOG -          [0.9696, 0.9650, 0.9647,  ..., 0.9515, 0.9580, 0.9691],
2021-12-14 13:32:11,123 [INFO ] W-9013-dent_1.0-stdout MODEL_LOG -          ...,
2021-12-14 13:32:11,123 [INFO ] W-9013-dent_1.0-stdout MODEL_LOG -          [0.9611, 0.9645, 0.9661,  ..., 0.9604, 0.9633, 0.9705],
2021-12-14 13:32:11,124 [INFO ] W-9013-dent_1.0-stdout MODEL_LOG -          [0.9581, 0.9618, 0.9618,  ..., 0.9623, 0.9612, 0.9701],
2021-12-14 13:32:11,124 [INFO ] W-9013-dent_1.0-stdout MODEL_LOG -          [0.9584, 0.9535, 0.9552,  ..., 0.9718, 0.9726, 0.9756]],
2021-12-14 13:32:11,124 [INFO ] W-9013-dent_1.0-stdout MODEL_LOG - 
2021-12-14 13:32:11,124 [INFO ] W-9013-dent_1.0-stdout MODEL_LOG -         [[0.0278, 0.0340, 0.0338,  ..., 0.0323, 0.0317, 0.0279],
2021-12-14 13:32:11,126 [INFO ] W-9013-dent_1.0-stdout MODEL_LOG -          [0.0308, 0.0352, 0.0353,  ..., 0.0425, 0.0399, 0.0318],
2021-12-14 13:32:11,126 [INFO ] W-9013-dent_1.0-stdout MODEL_LOG -          [0.0304, 0.0350, 0.0353,  ..., 0.0485, 0.0420, 0.0309],
2021-12-14 13:32:11,126 [INFO ] W-9013-dent_1.0-stdout MODEL_LOG -          ...,
2021-12-14 13:32:11,126 [INFO ] W-9013-dent_1.0-stdout MODEL_LOG -          [0.0389, 0.0355, 0.0339,  ..., 0.0396, 0.0367, 0.0295],
2021-12-14 13:32:11,127 [INFO ] W-9013-dent_1.0-stdout MODEL_LOG -          [0.0419, 0.0382, 0.0382,  ..., 0.0377, 0.0388, 0.0299],
2021-12-14 13:32:11,127 [INFO ] W-9013-dent_1.0-stdout MODEL_LOG -          [0.0416, 0.0465, 0.0448,  ..., 0.0282, 0.0274, 0.0244]]])
2021-12-14 13:32:11,127 [INFO ] W-9013-dent_1.0-stdout MODEL_LOG - File 202108141528_001_0005_05_07.png uploaded to masks-dent/202108141528_001_0005_05_07.png.
2021-12-14 13:32:14,161 [INFO ] W-9008-dent_1.0-stdout MODEL_LOG - BACKBONE: [32m /private/var/folders/l9/47_zg5s92xn2x10nhh5p73l40000gn/T/models/84b7ee7dab7240fa82ca124285b52e89/efficientunet/checkpoint/pretrained_effb4_orignal_stanford_16000.pt [0m
2021-12-14 13:32:14,175 [INFO ] W-9008-dent_1.0-stdout MODEL_LOG - NET:  [32m /private/var/folders/l9/47_zg5s92xn2x10nhh5p73l40000gn/T/models/84b7ee7dab7240fa82ca124285b52e89/best_imagenet-b4_0.421.pth [0m
2021-12-14 13:32:14,175 [INFO ] W-9008-dent_1.0-stdout MODEL_LOG - tensor([[[ 2.0292,  1.8563,  1.7316,  ...,  1.9043,  1.9131,  2.0154],
2021-12-14 13:32:14,175 [INFO ] W-9008-dent_1.0-stdout MODEL_LOG -          [ 1.8287,  1.7309,  2.0013,  ...,  1.7031,  1.7850,  1.8985],
2021-12-14 13:32:14,176 [INFO ] W-9008-dent_1.0-stdout MODEL_LOG -          [ 1.7220,  1.9323,  2.1742,  ...,  1.6292,  1.6692,  1.8936],
2021-12-14 13:32:14,176 [INFO ] W-9008-dent_1.0-stdout MODEL_LOG -          ...,
2021-12-14 13:32:14,176 [INFO ] W-9008-dent_1.0-stdout MODEL_LOG -          [ 1.8181,  1.7207,  1.9648,  ...,  2.0080,  1.8006,  1.7157],
2021-12-14 13:32:14,180 [INFO ] W-9008-dent_1.0-stdout MODEL_LOG -          [ 1.8276,  1.5749,  1.7206,  ...,  1.7983,  1.5871,  1.8224],
2021-12-14 13:32:14,188 [INFO ] W-9008-dent_1.0-stdout MODEL_LOG -          [ 1.9959,  1.7971,  1.7241,  ...,  1.7205,  1.8219,  1.9699]],
2021-12-14 13:32:14,189 [INFO ] W-9008-dent_1.0-stdout MODEL_LOG - 
2021-12-14 13:32:14,190 [INFO ] W-9008-dent_1.0-stdout MODEL_LOG -         [[-1.5064, -1.2183, -1.0378,  ..., -1.5387, -1.5736, -1.6111],
2021-12-14 13:32:14,191 [INFO ] W-9008-dent_1.0-stdout MODEL_LOG -          [-1.1897, -0.9243, -1.0675,  ..., -1.3617, -1.4504, -1.5265],
2021-12-14 13:32:14,192 [INFO ] W-9008-dent_1.0-stdout MODEL_LOG -          [-0.9913, -0.9876, -1.1183,  ..., -1.1992, -1.3012, -1.4898],
2021-12-14 13:32:14,197 [INFO ] W-9008-dent_1.0-stdout MODEL_LOG -          ...,
2021-12-14 13:32:14,198 [INFO ] W-9008-dent_1.0-stdout MODEL_LOG -          [-1.0880, -0.8065, -0.9568,  ..., -1.1240, -1.0096, -1.0733],
2021-12-14 13:32:14,198 [INFO ] W-9008-dent_1.0-stdout MODEL_LOG -          [-1.2143, -0.8021, -0.8864,  ..., -1.0535, -0.9314, -1.2566],
2021-12-14 13:32:14,198 [INFO ] W-9008-dent_1.0-stdout MODEL_LOG -          [-1.4635, -1.2038, -1.0705,  ..., -1.1759, -1.3124, -1.5216]]])
2021-12-14 13:32:14,198 [INFO ] W-9008-dent_1.0-stdout MODEL_LOG - ==================================================
2021-12-14 13:32:14,198 [INFO ] W-9008-dent_1.0-stdout MODEL_LOG - tensor([[[0.9717, 0.9558, 0.9410,  ..., 0.9690, 0.9703, 0.9741],
2021-12-14 13:32:14,198 [INFO ] W-9008-dent_1.0-stdout MODEL_LOG -          [0.9534, 0.9343, 0.9556,  ..., 0.9554, 0.9621, 0.9685],
2021-12-14 13:32:14,198 [INFO ] W-9008-dent_1.0-stdout MODEL_LOG -          [0.9378, 0.9488, 0.9642,  ..., 0.9442, 0.9512, 0.9672],
2021-12-14 13:32:14,198 [INFO ] W-9008-dent_1.0-stdout MODEL_LOG -          ...,
2021-12-14 13:32:14,198 [INFO ] W-9008-dent_1.0-stdout MODEL_LOG -          [0.9481, 0.9260, 0.9489,  ..., 0.9582, 0.9432, 0.9421],
2021-12-14 13:32:14,198 [INFO ] W-9008-dent_1.0-stdout MODEL_LOG -          [0.9544, 0.9151, 0.9313,  ..., 0.9454, 0.9254, 0.9560],
2021-12-14 13:32:14,198 [INFO ] W-9008-dent_1.0-stdout MODEL_LOG -          [0.9695, 0.9526, 0.9424,  ..., 0.9477, 0.9583, 0.9704]],
2021-12-14 13:32:14,198 [INFO ] W-9008-dent_1.0-stdout MODEL_LOG - 
2021-12-14 13:32:14,198 [INFO ] W-9008-dent_1.0-stdout MODEL_LOG -         [[0.0283, 0.0442, 0.0590,  ..., 0.0310, 0.0297, 0.0259],
2021-12-14 13:32:14,200 [INFO ] W-9008-dent_1.0-stdout MODEL_LOG -          [0.0466, 0.0657, 0.0444,  ..., 0.0446, 0.0379, 0.0315],
2021-12-14 13:32:14,203 [INFO ] W-9008-dent_1.0-stdout MODEL_LOG -          [0.0622, 0.0512, 0.0358,  ..., 0.0558, 0.0488, 0.0328],
2021-12-14 13:32:14,204 [INFO ] W-9008-dent_1.0-stdout MODEL_LOG -          ...,
2021-12-14 13:32:14,204 [INFO ] W-9008-dent_1.0-stdout MODEL_LOG -          [0.0519, 0.0740, 0.0511,  ..., 0.0418, 0.0568, 0.0579],
2021-12-14 13:32:14,204 [INFO ] W-9008-dent_1.0-stdout MODEL_LOG -          [0.0456, 0.0849, 0.0687,  ..., 0.0546, 0.0746, 0.0440],
2021-12-14 13:32:14,204 [INFO ] W-9008-dent_1.0-stdout MODEL_LOG -          [0.0305, 0.0474, 0.0576,  ..., 0.0523, 0.0417, 0.0296]]])
2021-12-14 13:32:14,204 [INFO ] W-9008-dent_1.0-stdout MODEL_LOG - File 202108131305_001_0004_04_01.png uploaded to masks-dent/202108131305_001_0004_04_01.png.
2021-12-14 13:32:17,390 [INFO ] W-9014-dent_1.0-stdout MODEL_LOG - BACKBONE: [32m /private/var/folders/l9/47_zg5s92xn2x10nhh5p73l40000gn/T/models/84b7ee7dab7240fa82ca124285b52e89/efficientunet/checkpoint/pretrained_effb4_orignal_stanford_16000.pt [0m
2021-12-14 13:32:17,403 [INFO ] W-9014-dent_1.0-stdout MODEL_LOG - NET:  [32m /private/var/folders/l9/47_zg5s92xn2x10nhh5p73l40000gn/T/models/84b7ee7dab7240fa82ca124285b52e89/best_imagenet-b4_0.421.pth [0m
2021-12-14 13:32:17,404 [INFO ] W-9014-dent_1.0-stdout MODEL_LOG - tensor([[[ 1.6615,  1.6703,  1.6906,  ...,  1.8036,  1.8647,  2.0059],
2021-12-14 13:32:17,404 [INFO ] W-9014-dent_1.0-stdout MODEL_LOG -          [ 1.6191,  1.7322,  1.7184,  ...,  1.7284,  1.6413,  1.8669],
2021-12-14 13:32:17,404 [INFO ] W-9014-dent_1.0-stdout MODEL_LOG -          [ 1.6126,  1.7274,  1.7563,  ...,  1.9184,  1.6652,  1.8099],
2021-12-14 13:32:17,404 [INFO ] W-9014-dent_1.0-stdout MODEL_LOG -          ...,
2021-12-14 13:32:17,404 [INFO ] W-9014-dent_1.0-stdout MODEL_LOG -          [ 1.9715,  1.8240,  1.8103,  ...,  1.7144,  1.7028,  1.8715],
2021-12-14 13:32:17,404 [INFO ] W-9014-dent_1.0-stdout MODEL_LOG -          [ 1.9138,  1.7770,  1.7391,  ...,  1.7038,  1.6731,  1.8501],
2021-12-14 13:32:17,404 [INFO ] W-9014-dent_1.0-stdout MODEL_LOG -          [ 2.0487,  1.9524,  1.9427,  ...,  1.9015,  1.9013,  1.9752]],
2021-12-14 13:32:17,404 [INFO ] W-9014-dent_1.0-stdout MODEL_LOG - 
2021-12-14 13:32:17,404 [INFO ] W-9014-dent_1.0-stdout MODEL_LOG -         [[-1.5475, -1.5376, -1.5586,  ..., -1.1995, -1.3422, -1.5070],
2021-12-14 13:32:17,404 [INFO ] W-9014-dent_1.0-stdout MODEL_LOG -          [-1.5895, -1.6127, -1.6471,  ..., -0.9943, -1.0342, -1.3563],
2021-12-14 13:32:17,405 [INFO ] W-9014-dent_1.0-stdout MODEL_LOG -          [-1.6054, -1.6681, -1.6617,  ..., -1.0900, -0.9756, -1.2588],
2021-12-14 13:32:17,405 [INFO ] W-9014-dent_1.0-stdout MODEL_LOG -          ...,
2021-12-14 13:32:17,415 [INFO ] W-9014-dent_1.0-stdout MODEL_LOG -          [-1.6593, -1.5402, -1.5541,  ..., -1.6447, -1.6751, -1.6796],
2021-12-14 13:32:17,415 [INFO ] W-9014-dent_1.0-stdout MODEL_LOG -          [-1.6234, -1.4994, -1.4992,  ..., -1.6590, -1.6286, -1.6689],
2021-12-14 13:32:17,415 [INFO ] W-9014-dent_1.0-stdout MODEL_LOG -          [-1.7009, -1.5983, -1.6490,  ..., -1.7092, -1.7203, -1.7122]]])
2021-12-14 13:32:17,415 [INFO ] W-9014-dent_1.0-stdout MODEL_LOG - ==================================================
2021-12-14 13:32:17,415 [INFO ] W-9014-dent_1.0-stdout MODEL_LOG - tensor([[[0.9612, 0.9611, 0.9626,  ..., 0.9527, 0.9611, 0.9711],
2021-12-14 13:32:17,415 [INFO ] W-9014-dent_1.0-stdout MODEL_LOG -          [0.9612, 0.9659, 0.9666,  ..., 0.9384, 0.9356, 0.9617],
2021-12-14 13:32:17,415 [INFO ] W-9014-dent_1.0-stdout MODEL_LOG -          [0.9615, 0.9676, 0.9683,  ..., 0.9530, 0.9334, 0.9556],
2021-12-14 13:32:17,415 [INFO ] W-9014-dent_1.0-stdout MODEL_LOG -          ...,
2021-12-14 13:32:17,415 [INFO ] W-9014-dent_1.0-stdout MODEL_LOG -          [0.9742, 0.9666, 0.9666,  ..., 0.9664, 0.9670, 0.9721],
2021-12-14 13:32:17,415 [INFO ] W-9014-dent_1.0-stdout MODEL_LOG -          [0.9717, 0.9636, 0.9622,  ..., 0.9665, 0.9645, 0.9712],
2021-12-14 13:32:17,416 [INFO ] W-9014-dent_1.0-stdout MODEL_LOG -          [0.9770, 0.9721, 0.9732,  ..., 0.9737, 0.9740, 0.9756]],
2021-12-14 13:32:17,416 [INFO ] W-9014-dent_1.0-stdout MODEL_LOG - 
2021-12-14 13:32:17,416 [INFO ] W-9014-dent_1.0-stdout MODEL_LOG -         [[0.0388, 0.0389, 0.0374,  ..., 0.0473, 0.0389, 0.0289],
2021-12-14 13:32:17,417 [INFO ] W-9014-dent_1.0-stdout MODEL_LOG -          [0.0388, 0.0341, 0.0334,  ..., 0.0616, 0.0644, 0.0383],
2021-12-14 13:32:17,418 [INFO ] W-9014-dent_1.0-stdout MODEL_LOG -          [0.0385, 0.0324, 0.0317,  ..., 0.0470, 0.0666, 0.0444],
2021-12-14 13:32:17,418 [INFO ] W-9014-dent_1.0-stdout MODEL_LOG -          ...,
2021-12-14 13:32:17,418 [INFO ] W-9014-dent_1.0-stdout MODEL_LOG -          [0.0258, 0.0334, 0.0334,  ..., 0.0336, 0.0330, 0.0279],
2021-12-14 13:32:17,418 [INFO ] W-9014-dent_1.0-stdout MODEL_LOG -          [0.0283, 0.0364, 0.0378,  ..., 0.0335, 0.0355, 0.0288],
2021-12-14 13:32:17,418 [INFO ] W-9014-dent_1.0-stdout MODEL_LOG -          [0.0230, 0.0279, 0.0268,  ..., 0.0263, 0.0260, 0.0244]]])
2021-12-14 13:32:17,419 [INFO ] W-9014-dent_1.0-stdout MODEL_LOG - File 202108141528_001_0005_05_06.png uploaded to masks-dent/202108141528_001_0005_05_06.png.
2021-12-14 16:45:25,388 [INFO ] W-9015-dent_1.0-stdout MODEL_LOG - BACKBONE: [32m /private/var/folders/l9/47_zg5s92xn2x10nhh5p73l40000gn/T/models/84b7ee7dab7240fa82ca124285b52e89/efficientunet/checkpoint/pretrained_effb4_orignal_stanford_16000.pt [0m
2021-12-14 16:45:25,397 [INFO ] W-9014-dent_1.0-stdout MODEL_LOG - Frontend disconnected.
2021-12-14 16:45:25,415 [INFO ] W-9013-dent_1.0-stdout MODEL_LOG - Frontend disconnected.
2021-12-14 16:45:25,426 [INFO ] W-9012-dent_1.0-stdout MODEL_LOG - BACKBONE: [32m /private/var/folders/l9/47_zg5s92xn2x10nhh5p73l40000gn/T/models/84b7ee7dab7240fa82ca124285b52e89/efficientunet/checkpoint/pretrained_effb4_orignal_stanford_16000.pt [0m
2021-12-14 16:45:25,441 [INFO ] W-9011-dent_1.0-stdout MODEL_LOG - BACKBONE: [32m /private/var/folders/l9/47_zg5s92xn2x10nhh5p73l40000gn/T/models/84b7ee7dab7240fa82ca124285b52e89/efficientunet/checkpoint/pretrained_effb4_orignal_stanford_16000.pt [0m
2021-12-14 16:45:25,463 [INFO ] W-9010-dent_1.0-stdout MODEL_LOG - BACKBONE: [32m /private/var/folders/l9/47_zg5s92xn2x10nhh5p73l40000gn/T/models/84b7ee7dab7240fa82ca124285b52e89/efficientunet/checkpoint/pretrained_effb4_orignal_stanford_16000.pt [0m
2021-12-14 16:45:25,469 [INFO ] W-9009-dent_1.0-stdout MODEL_LOG - BACKBONE: [32m /private/var/folders/l9/47_zg5s92xn2x10nhh5p73l40000gn/T/models/84b7ee7dab7240fa82ca124285b52e89/efficientunet/checkpoint/pretrained_effb4_orignal_stanford_16000.pt [0m
2021-12-14 16:45:25,490 [INFO ] W-9008-dent_1.0-stdout MODEL_LOG - Frontend disconnected.
2021-12-14 16:45:25,621 [INFO ] W-9022-scratch_1.0-stdout MODEL_LOG - BACKBONE: [32m /private/var/folders/l9/47_zg5s92xn2x10nhh5p73l40000gn/T/models/e81b5151a5c64739b927d8c046f91f5e/efficientunet/checkpoint/pretrained_effb4_orignal_stanford_16000.pt [0m
