2021-12-14 13:31:48,608 [INFO ] main org.pytorch.serve.servingsdk.impl.PluginsManager - Initializing plugins manager...
2021-12-14 13:31:49,095 [INFO ] main org.pytorch.serve.ModelServer - 
Torchserve version: 0.4.2
TS Home: /Users/tseo/miniforge3/envs/torch/lib/python3.9/site-packages
Current directory: /Users/tseo/Documents/Github/viai-serving/serve
Temp directory: /var/folders/l9/47_zg5s92xn2x10nhh5p73l40000gn/T/
Number of GPUs: 0
Number of CPUs: 8
Max heap size: 4096 M
Python executable: /Users/tseo/miniforge3/envs/torch/bin/python3.9
Config file: config.properties
Inference address: http://0.0.0.0:9000
Management address: http://0.0.0.0:9081
Metrics address: http://0.0.0.0:9082
Model Store: /Users/tseo/Documents/Github/viai-serving/serve/model_store
Initial Models: all
Log dir: /Users/tseo/Documents/Github/viai-serving/serve/logs
Metrics dir: /Users/tseo/Documents/Github/viai-serving/serve/logs
Netty threads: 0
Netty client threads: 0
Default workers per model: 8
Blacklist Regex: N/A
Maximum Response Size: 6553500
Maximum Request Size: 6553500
Prefer direct buffer: false
Allowed Urls: [file://.*|http(s)?://.*]
Custom python dependency for model allowed: false
Metrics report format: prometheus
Enable metrics API: true
Workflow Store: /Users/tseo/Documents/Github/viai-serving/serve/model_store
Model config: N/A
2021-12-14 13:31:49,104 [INFO ] main org.pytorch.serve.servingsdk.impl.PluginsManager -  Loading snapshot serializer plugin...
2021-12-14 13:31:49,148 [DEBUG] main org.pytorch.serve.ModelServer - Loading models from model store: spacing.mar
2021-12-14 13:31:51,774 [DEBUG] main org.pytorch.serve.wlm.ModelVersionedRefs - Adding new version 1.0 for model spacing
2021-12-14 13:31:51,774 [DEBUG] main org.pytorch.serve.wlm.ModelVersionedRefs - Setting default version to 1.0 for model spacing
2021-12-14 13:31:51,774 [INFO ] main org.pytorch.serve.wlm.ModelManager - Model spacing loaded.
2021-12-14 13:31:51,775 [DEBUG] main org.pytorch.serve.wlm.ModelManager - updateModel: spacing, count: 8
2021-12-14 13:31:51,789 [DEBUG] main org.pytorch.serve.ModelServer - Loading models from model store: dent.mar
2021-12-14 13:31:52,475 [DEBUG] W-9005-spacing_1.0 org.pytorch.serve.wlm.WorkerThread - W-9005-spacing_1.0 State change null -> WORKER_STARTED
2021-12-14 13:31:52,564 [INFO ] W-9005-spacing_1.0 org.pytorch.serve.wlm.WorkerThread - Connecting to: /var/folders/l9/47_zg5s92xn2x10nhh5p73l40000gn/T//.ts.sock.9005
2021-12-14 13:31:52,653 [DEBUG] W-9002-spacing_1.0 org.pytorch.serve.wlm.WorkerThread - W-9002-spacing_1.0 State change null -> WORKER_STARTED
2021-12-14 13:31:52,657 [INFO ] W-9002-spacing_1.0 org.pytorch.serve.wlm.WorkerThread - Connecting to: /var/folders/l9/47_zg5s92xn2x10nhh5p73l40000gn/T//.ts.sock.9002
2021-12-14 13:31:52,661 [DEBUG] W-9001-spacing_1.0 org.pytorch.serve.wlm.WorkerThread - W-9001-spacing_1.0 State change null -> WORKER_STARTED
2021-12-14 13:31:52,661 [DEBUG] W-9007-spacing_1.0 org.pytorch.serve.wlm.WorkerThread - W-9007-spacing_1.0 State change null -> WORKER_STARTED
2021-12-14 13:31:52,662 [INFO ] W-9001-spacing_1.0 org.pytorch.serve.wlm.WorkerThread - Connecting to: /var/folders/l9/47_zg5s92xn2x10nhh5p73l40000gn/T//.ts.sock.9001
2021-12-14 13:31:52,663 [DEBUG] W-9003-spacing_1.0 org.pytorch.serve.wlm.WorkerThread - W-9003-spacing_1.0 State change null -> WORKER_STARTED
2021-12-14 13:31:52,663 [INFO ] W-9003-spacing_1.0 org.pytorch.serve.wlm.WorkerThread - Connecting to: /var/folders/l9/47_zg5s92xn2x10nhh5p73l40000gn/T//.ts.sock.9003
2021-12-14 13:31:52,663 [INFO ] W-9007-spacing_1.0 org.pytorch.serve.wlm.WorkerThread - Connecting to: /var/folders/l9/47_zg5s92xn2x10nhh5p73l40000gn/T//.ts.sock.9007
2021-12-14 13:31:52,666 [DEBUG] W-9004-spacing_1.0 org.pytorch.serve.wlm.WorkerThread - W-9004-spacing_1.0 State change null -> WORKER_STARTED
2021-12-14 13:31:52,666 [DEBUG] W-9000-spacing_1.0 org.pytorch.serve.wlm.WorkerThread - W-9000-spacing_1.0 State change null -> WORKER_STARTED
2021-12-14 13:31:52,666 [INFO ] W-9004-spacing_1.0 org.pytorch.serve.wlm.WorkerThread - Connecting to: /var/folders/l9/47_zg5s92xn2x10nhh5p73l40000gn/T//.ts.sock.9004
2021-12-14 13:31:52,666 [INFO ] W-9000-spacing_1.0 org.pytorch.serve.wlm.WorkerThread - Connecting to: /var/folders/l9/47_zg5s92xn2x10nhh5p73l40000gn/T//.ts.sock.9000
2021-12-14 13:31:52,678 [DEBUG] W-9006-spacing_1.0 org.pytorch.serve.wlm.WorkerThread - W-9006-spacing_1.0 State change null -> WORKER_STARTED
2021-12-14 13:31:52,678 [INFO ] W-9006-spacing_1.0 org.pytorch.serve.wlm.WorkerThread - Connecting to: /var/folders/l9/47_zg5s92xn2x10nhh5p73l40000gn/T//.ts.sock.9006
2021-12-14 13:31:54,829 [INFO ] W-9003-spacing_1.0 org.pytorch.serve.wlm.WorkerThread - Backend response time: 1887
2021-12-14 13:31:54,830 [INFO ] W-9005-spacing_1.0 org.pytorch.serve.wlm.WorkerThread - Backend response time: 1884
2021-12-14 13:31:54,830 [INFO ] W-9002-spacing_1.0 org.pytorch.serve.wlm.WorkerThread - Backend response time: 1877
2021-12-14 13:31:54,829 [INFO ] W-9004-spacing_1.0 org.pytorch.serve.wlm.WorkerThread - Backend response time: 1879
2021-12-14 13:31:54,836 [DEBUG] W-9002-spacing_1.0 org.pytorch.serve.wlm.WorkerThread - W-9002-spacing_1.0 State change WORKER_STARTED -> WORKER_MODEL_LOADED
2021-12-14 13:31:54,836 [DEBUG] W-9003-spacing_1.0 org.pytorch.serve.wlm.WorkerThread - W-9003-spacing_1.0 State change WORKER_STARTED -> WORKER_MODEL_LOADED
2021-12-14 13:31:54,836 [DEBUG] W-9005-spacing_1.0 org.pytorch.serve.wlm.WorkerThread - W-9005-spacing_1.0 State change WORKER_STARTED -> WORKER_MODEL_LOADED
2021-12-14 13:31:54,842 [DEBUG] W-9004-spacing_1.0 org.pytorch.serve.wlm.WorkerThread - W-9004-spacing_1.0 State change WORKER_STARTED -> WORKER_MODEL_LOADED
2021-12-14 13:31:54,846 [INFO ] W-9001-spacing_1.0 org.pytorch.serve.wlm.WorkerThread - Backend response time: 1906
2021-12-14 13:31:54,846 [INFO ] W-9006-spacing_1.0 org.pytorch.serve.wlm.WorkerThread - Backend response time: 1904
2021-12-14 13:31:54,851 [DEBUG] W-9001-spacing_1.0 org.pytorch.serve.wlm.WorkerThread - W-9001-spacing_1.0 State change WORKER_STARTED -> WORKER_MODEL_LOADED
2021-12-14 13:31:54,851 [DEBUG] W-9006-spacing_1.0 org.pytorch.serve.wlm.WorkerThread - W-9006-spacing_1.0 State change WORKER_STARTED -> WORKER_MODEL_LOADED
2021-12-14 13:31:54,852 [INFO ] W-9000-spacing_1.0 org.pytorch.serve.wlm.WorkerThread - Backend response time: 1914
2021-12-14 13:31:54,853 [DEBUG] W-9000-spacing_1.0 org.pytorch.serve.wlm.WorkerThread - W-9000-spacing_1.0 State change WORKER_STARTED -> WORKER_MODEL_LOADED
2021-12-14 13:31:54,858 [INFO ] W-9007-spacing_1.0 org.pytorch.serve.wlm.WorkerThread - Backend response time: 1919
2021-12-14 13:31:54,859 [DEBUG] W-9007-spacing_1.0 org.pytorch.serve.wlm.WorkerThread - W-9007-spacing_1.0 State change WORKER_STARTED -> WORKER_MODEL_LOADED
2021-12-14 13:31:55,817 [DEBUG] main org.pytorch.serve.wlm.ModelVersionedRefs - Adding new version 1.0 for model dent
2021-12-14 13:31:55,818 [DEBUG] main org.pytorch.serve.wlm.ModelVersionedRefs - Setting default version to 1.0 for model dent
2021-12-14 13:31:55,818 [INFO ] main org.pytorch.serve.wlm.ModelManager - Model dent loaded.
2021-12-14 13:31:55,818 [DEBUG] main org.pytorch.serve.wlm.ModelManager - updateModel: dent, count: 8
2021-12-14 13:31:55,825 [DEBUG] main org.pytorch.serve.ModelServer - Loading models from model store: scratch.mar
2021-12-14 13:31:56,645 [DEBUG] W-9009-dent_1.0 org.pytorch.serve.wlm.WorkerThread - W-9009-dent_1.0 State change null -> WORKER_STARTED
2021-12-14 13:31:56,646 [INFO ] W-9009-dent_1.0 org.pytorch.serve.wlm.WorkerThread - Connecting to: /var/folders/l9/47_zg5s92xn2x10nhh5p73l40000gn/T//.ts.sock.9009
2021-12-14 13:31:56,655 [DEBUG] W-9013-dent_1.0 org.pytorch.serve.wlm.WorkerThread - W-9013-dent_1.0 State change null -> WORKER_STARTED
2021-12-14 13:31:56,656 [INFO ] W-9013-dent_1.0 org.pytorch.serve.wlm.WorkerThread - Connecting to: /var/folders/l9/47_zg5s92xn2x10nhh5p73l40000gn/T//.ts.sock.9013
2021-12-14 13:31:56,753 [DEBUG] W-9015-dent_1.0 org.pytorch.serve.wlm.WorkerThread - W-9015-dent_1.0 State change null -> WORKER_STARTED
2021-12-14 13:31:56,754 [DEBUG] W-9014-dent_1.0 org.pytorch.serve.wlm.WorkerThread - W-9014-dent_1.0 State change null -> WORKER_STARTED
2021-12-14 13:31:56,776 [INFO ] W-9015-dent_1.0 org.pytorch.serve.wlm.WorkerThread - Connecting to: /var/folders/l9/47_zg5s92xn2x10nhh5p73l40000gn/T//.ts.sock.9015
2021-12-14 13:31:56,778 [INFO ] W-9014-dent_1.0 org.pytorch.serve.wlm.WorkerThread - Connecting to: /var/folders/l9/47_zg5s92xn2x10nhh5p73l40000gn/T//.ts.sock.9014
2021-12-14 13:31:56,782 [DEBUG] W-9011-dent_1.0 org.pytorch.serve.wlm.WorkerThread - W-9011-dent_1.0 State change null -> WORKER_STARTED
2021-12-14 13:31:56,782 [DEBUG] W-9010-dent_1.0 org.pytorch.serve.wlm.WorkerThread - W-9010-dent_1.0 State change null -> WORKER_STARTED
2021-12-14 13:31:56,784 [DEBUG] W-9008-dent_1.0 org.pytorch.serve.wlm.WorkerThread - W-9008-dent_1.0 State change null -> WORKER_STARTED
2021-12-14 13:31:56,785 [INFO ] W-9010-dent_1.0 org.pytorch.serve.wlm.WorkerThread - Connecting to: /var/folders/l9/47_zg5s92xn2x10nhh5p73l40000gn/T//.ts.sock.9010
2021-12-14 13:31:56,785 [INFO ] W-9011-dent_1.0 org.pytorch.serve.wlm.WorkerThread - Connecting to: /var/folders/l9/47_zg5s92xn2x10nhh5p73l40000gn/T//.ts.sock.9011
2021-12-14 13:31:56,785 [DEBUG] W-9012-dent_1.0 org.pytorch.serve.wlm.WorkerThread - W-9012-dent_1.0 State change null -> WORKER_STARTED
2021-12-14 13:31:56,785 [INFO ] W-9012-dent_1.0 org.pytorch.serve.wlm.WorkerThread - Connecting to: /var/folders/l9/47_zg5s92xn2x10nhh5p73l40000gn/T//.ts.sock.9012
2021-12-14 13:31:56,785 [INFO ] W-9008-dent_1.0 org.pytorch.serve.wlm.WorkerThread - Connecting to: /var/folders/l9/47_zg5s92xn2x10nhh5p73l40000gn/T//.ts.sock.9008
2021-12-14 13:31:58,850 [INFO ] W-9013-dent_1.0 org.pytorch.serve.wlm.WorkerThread - Backend response time: 2066
2021-12-14 13:31:58,851 [DEBUG] W-9013-dent_1.0 org.pytorch.serve.wlm.WorkerThread - W-9013-dent_1.0 State change WORKER_STARTED -> WORKER_MODEL_LOADED
2021-12-14 13:31:58,921 [INFO ] W-9008-dent_1.0 org.pytorch.serve.wlm.WorkerThread - Backend response time: 1987
2021-12-14 13:31:58,921 [DEBUG] W-9008-dent_1.0 org.pytorch.serve.wlm.WorkerThread - W-9008-dent_1.0 State change WORKER_STARTED -> WORKER_MODEL_LOADED
2021-12-14 13:31:58,942 [INFO ] W-9014-dent_1.0 org.pytorch.serve.wlm.WorkerThread - Backend response time: 2008
2021-12-14 13:31:58,943 [DEBUG] W-9014-dent_1.0 org.pytorch.serve.wlm.WorkerThread - W-9014-dent_1.0 State change WORKER_STARTED -> WORKER_MODEL_LOADED
2021-12-14 13:31:58,943 [INFO ] W-9015-dent_1.0 org.pytorch.serve.wlm.WorkerThread - Backend response time: 1993
2021-12-14 13:31:58,943 [DEBUG] W-9015-dent_1.0 org.pytorch.serve.wlm.WorkerThread - W-9015-dent_1.0 State change WORKER_STARTED -> WORKER_MODEL_LOADED
2021-12-14 13:31:58,943 [INFO ] W-9010-dent_1.0 org.pytorch.serve.wlm.WorkerThread - Backend response time: 2009
2021-12-14 13:31:58,948 [INFO ] W-9011-dent_1.0 org.pytorch.serve.wlm.WorkerThread - Backend response time: 1855
2021-12-14 13:31:58,949 [INFO ] W-9009-dent_1.0 org.pytorch.serve.wlm.WorkerThread - Backend response time: 2144
2021-12-14 13:31:58,949 [DEBUG] W-9010-dent_1.0 org.pytorch.serve.wlm.WorkerThread - W-9010-dent_1.0 State change WORKER_STARTED -> WORKER_MODEL_LOADED
2021-12-14 13:31:58,950 [INFO ] W-9012-dent_1.0 org.pytorch.serve.wlm.WorkerThread - Backend response time: 2004
2021-12-14 13:31:58,950 [DEBUG] W-9011-dent_1.0 org.pytorch.serve.wlm.WorkerThread - W-9011-dent_1.0 State change WORKER_STARTED -> WORKER_MODEL_LOADED
2021-12-14 13:31:58,951 [DEBUG] W-9012-dent_1.0 org.pytorch.serve.wlm.WorkerThread - W-9012-dent_1.0 State change WORKER_STARTED -> WORKER_MODEL_LOADED
2021-12-14 13:31:58,953 [DEBUG] W-9009-dent_1.0 org.pytorch.serve.wlm.WorkerThread - W-9009-dent_1.0 State change WORKER_STARTED -> WORKER_MODEL_LOADED
2021-12-14 13:32:00,373 [DEBUG] main org.pytorch.serve.wlm.ModelVersionedRefs - Adding new version 1.0 for model scratch
2021-12-14 13:32:00,374 [DEBUG] main org.pytorch.serve.wlm.ModelVersionedRefs - Setting default version to 1.0 for model scratch
2021-12-14 13:32:00,374 [INFO ] main org.pytorch.serve.wlm.ModelManager - Model scratch loaded.
2021-12-14 13:32:00,374 [DEBUG] main org.pytorch.serve.wlm.ModelManager - updateModel: scratch, count: 8
2021-12-14 13:32:00,503 [INFO ] main org.pytorch.serve.ModelServer - Initialize Inference server with: KQueueServerSocketChannel.
2021-12-14 13:32:00,584 [INFO ] main org.pytorch.serve.ModelServer - Inference API bind to: http://0.0.0.0:9000
2021-12-14 13:32:00,587 [INFO ] main org.pytorch.serve.ModelServer - Initialize Management server with: KQueueServerSocketChannel.
2021-12-14 13:32:00,595 [INFO ] main org.pytorch.serve.ModelServer - Management API bind to: http://0.0.0.0:9081
2021-12-14 13:32:00,597 [INFO ] main org.pytorch.serve.ModelServer - Initialize Metrics server with: KQueueServerSocketChannel.
2021-12-14 13:32:00,599 [INFO ] main org.pytorch.serve.ModelServer - Metrics API bind to: http://0.0.0.0:9082
2021-12-14 13:32:01,328 [DEBUG] W-9019-scratch_1.0 org.pytorch.serve.wlm.WorkerThread - W-9019-scratch_1.0 State change null -> WORKER_STARTED
2021-12-14 13:32:01,329 [DEBUG] W-9023-scratch_1.0 org.pytorch.serve.wlm.WorkerThread - W-9023-scratch_1.0 State change null -> WORKER_STARTED
2021-12-14 13:32:01,329 [INFO ] W-9019-scratch_1.0 org.pytorch.serve.wlm.WorkerThread - Connecting to: /var/folders/l9/47_zg5s92xn2x10nhh5p73l40000gn/T//.ts.sock.9019
2021-12-14 13:32:01,329 [INFO ] W-9023-scratch_1.0 org.pytorch.serve.wlm.WorkerThread - Connecting to: /var/folders/l9/47_zg5s92xn2x10nhh5p73l40000gn/T//.ts.sock.9023
2021-12-14 13:32:01,350 [WARN ] pool-2-thread-1 org.pytorch.serve.metrics.MetricCollector - worker pid is not available yet.
2021-12-14 13:32:01,371 [DEBUG] W-9021-scratch_1.0 org.pytorch.serve.wlm.WorkerThread - W-9021-scratch_1.0 State change null -> WORKER_STARTED
2021-12-14 13:32:01,372 [DEBUG] W-9017-scratch_1.0 org.pytorch.serve.wlm.WorkerThread - W-9017-scratch_1.0 State change null -> WORKER_STARTED
2021-12-14 13:32:01,373 [INFO ] W-9021-scratch_1.0 org.pytorch.serve.wlm.WorkerThread - Connecting to: /var/folders/l9/47_zg5s92xn2x10nhh5p73l40000gn/T//.ts.sock.9021
2021-12-14 13:32:01,375 [DEBUG] W-9018-scratch_1.0 org.pytorch.serve.wlm.WorkerThread - W-9018-scratch_1.0 State change null -> WORKER_STARTED
2021-12-14 13:32:01,375 [INFO ] W-9018-scratch_1.0 org.pytorch.serve.wlm.WorkerThread - Connecting to: /var/folders/l9/47_zg5s92xn2x10nhh5p73l40000gn/T//.ts.sock.9018
2021-12-14 13:32:01,376 [INFO ] W-9017-scratch_1.0 org.pytorch.serve.wlm.WorkerThread - Connecting to: /var/folders/l9/47_zg5s92xn2x10nhh5p73l40000gn/T//.ts.sock.9017
2021-12-14 13:32:01,435 [DEBUG] W-9016-scratch_1.0 org.pytorch.serve.wlm.WorkerThread - W-9016-scratch_1.0 State change null -> WORKER_STARTED
2021-12-14 13:32:01,551 [INFO ] W-9016-scratch_1.0 org.pytorch.serve.wlm.WorkerThread - Connecting to: /var/folders/l9/47_zg5s92xn2x10nhh5p73l40000gn/T//.ts.sock.9016
2021-12-14 13:32:01,552 [DEBUG] W-9020-scratch_1.0 org.pytorch.serve.wlm.WorkerThread - W-9020-scratch_1.0 State change null -> WORKER_STARTED
2021-12-14 13:32:01,553 [DEBUG] W-9022-scratch_1.0 org.pytorch.serve.wlm.WorkerThread - W-9022-scratch_1.0 State change null -> WORKER_STARTED
2021-12-14 13:32:01,553 [INFO ] W-9022-scratch_1.0 org.pytorch.serve.wlm.WorkerThread - Connecting to: /var/folders/l9/47_zg5s92xn2x10nhh5p73l40000gn/T//.ts.sock.9022
2021-12-14 13:32:01,553 [INFO ] W-9020-scratch_1.0 org.pytorch.serve.wlm.WorkerThread - Connecting to: /var/folders/l9/47_zg5s92xn2x10nhh5p73l40000gn/T//.ts.sock.9020
2021-12-14 13:32:03,544 [INFO ] W-9019-scratch_1.0 org.pytorch.serve.wlm.WorkerThread - Backend response time: 2169
2021-12-14 13:32:03,545 [DEBUG] W-9019-scratch_1.0 org.pytorch.serve.wlm.WorkerThread - W-9019-scratch_1.0 State change WORKER_STARTED -> WORKER_MODEL_LOADED
2021-12-14 13:32:03,597 [INFO ] W-9018-scratch_1.0 org.pytorch.serve.wlm.WorkerThread - Backend response time: 2195
2021-12-14 13:32:03,597 [DEBUG] W-9018-scratch_1.0 org.pytorch.serve.wlm.WorkerThread - W-9018-scratch_1.0 State change WORKER_STARTED -> WORKER_MODEL_LOADED
2021-12-14 13:32:03,717 [INFO ] W-9021-scratch_1.0 org.pytorch.serve.wlm.WorkerThread - Backend response time: 2317
2021-12-14 13:32:03,719 [DEBUG] W-9021-scratch_1.0 org.pytorch.serve.wlm.WorkerThread - W-9021-scratch_1.0 State change WORKER_STARTED -> WORKER_MODEL_LOADED
2021-12-14 13:32:03,725 [INFO ] W-9023-scratch_1.0 org.pytorch.serve.wlm.WorkerThread - Backend response time: 2349
2021-12-14 13:32:03,725 [DEBUG] W-9023-scratch_1.0 org.pytorch.serve.wlm.WorkerThread - W-9023-scratch_1.0 State change WORKER_STARTED -> WORKER_MODEL_LOADED
2021-12-14 13:32:03,726 [INFO ] W-9016-scratch_1.0 org.pytorch.serve.wlm.WorkerThread - Backend response time: 2045
2021-12-14 13:32:03,727 [DEBUG] W-9016-scratch_1.0 org.pytorch.serve.wlm.WorkerThread - W-9016-scratch_1.0 State change WORKER_STARTED -> WORKER_MODEL_LOADED
2021-12-14 13:32:03,735 [INFO ] W-9017-scratch_1.0 org.pytorch.serve.wlm.WorkerThread - Backend response time: 2298
2021-12-14 13:32:03,735 [DEBUG] W-9017-scratch_1.0 org.pytorch.serve.wlm.WorkerThread - W-9017-scratch_1.0 State change WORKER_STARTED -> WORKER_MODEL_LOADED
2021-12-14 13:32:03,739 [INFO ] W-9022-scratch_1.0 org.pytorch.serve.wlm.WorkerThread - Backend response time: 2057
2021-12-14 13:32:03,739 [DEBUG] W-9022-scratch_1.0 org.pytorch.serve.wlm.WorkerThread - W-9022-scratch_1.0 State change WORKER_STARTED -> WORKER_MODEL_LOADED
2021-12-14 13:32:03,743 [INFO ] W-9020-scratch_1.0 org.pytorch.serve.wlm.WorkerThread - Backend response time: 2104
2021-12-14 13:32:03,743 [DEBUG] W-9020-scratch_1.0 org.pytorch.serve.wlm.WorkerThread - W-9020-scratch_1.0 State change WORKER_STARTED -> WORKER_MODEL_LOADED
2021-12-14 13:32:11,096 [INFO ] W-9013-dent_1.0 org.pytorch.serve.wlm.WorkerThread - Backend response time: 3231
2021-12-14 13:32:11,124 [DEBUG] W-9013-dent_1.0 org.pytorch.serve.job.Job - Waiting time ns: 1608750, Backend time ns: 3275255250
2021-12-14 13:32:14,170 [INFO ] W-9008-dent_1.0 org.pytorch.serve.wlm.WorkerThread - Backend response time: 2904
2021-12-14 13:32:14,190 [DEBUG] W-9008-dent_1.0 org.pytorch.serve.job.Job - Waiting time ns: 320709, Backend time ns: 2959178708
2021-12-14 13:32:17,407 [INFO ] W-9014-dent_1.0 org.pytorch.serve.wlm.WorkerThread - Backend response time: 3073
2021-12-14 13:32:17,420 [DEBUG] W-9014-dent_1.0 org.pytorch.serve.job.Job - Waiting time ns: 722791, Backend time ns: 3107918375
2021-12-14 16:45:23,027 [INFO ] KQueueEventLoopGroup-2-1 org.pytorch.serve.ModelServer - Inference model server stopped.
2021-12-14 16:45:23,030 [INFO ] KQueueEventLoopGroup-2-2 org.pytorch.serve.ModelServer - Management model server stopped.
2021-12-14 16:45:23,033 [INFO ] KQueueEventLoopGroup-2-1 org.pytorch.serve.ModelServer - Metrics model server stopped.
2021-12-14 16:45:25,173 [INFO ] main org.pytorch.serve.ModelServer - Torchserve stopped.
2021-12-14 16:45:25,188 [INFO ] Thread-0 org.pytorch.serve.ModelServer - Unregistering model spacing version 1.0
2021-12-14 16:45:25,189 [DEBUG] Thread-0 org.pytorch.serve.wlm.ModelVersionedRefs - Removed model: spacing version: 1.0
2021-12-14 16:45:25,190 [DEBUG] Thread-0 org.pytorch.serve.wlm.WorkerThread - W-9007-spacing_1.0 State change WORKER_MODEL_LOADED -> WORKER_SCALED_DOWN
2021-12-14 16:45:25,191 [WARN ] Thread-0 org.pytorch.serve.wlm.WorkerLifeCycle - terminateIOStreams() threadName=W-9007-spacing_1.0-stderr
2021-12-14 16:45:25,191 [WARN ] Thread-0 org.pytorch.serve.wlm.WorkerLifeCycle - terminateIOStreams() threadName=W-9007-spacing_1.0-stdout
2021-12-14 16:45:25,193 [INFO ] KQueueEventLoopGroup-5-2 org.pytorch.serve.wlm.WorkerThread - 9007 Worker disconnected. WORKER_SCALED_DOWN
2021-12-14 16:45:25,196 [DEBUG] W-9007-spacing_1.0 org.pytorch.serve.wlm.WorkerThread - System state is : WORKER_SCALED_DOWN
2021-12-14 16:45:25,197 [DEBUG] W-9007-spacing_1.0 org.pytorch.serve.wlm.WorkerThread - Shutting down the thread .. Scaling down.
2021-12-14 16:45:25,198 [DEBUG] W-9007-spacing_1.0 org.pytorch.serve.wlm.WorkerThread - W-9007-spacing_1.0 State change WORKER_SCALED_DOWN -> WORKER_STOPPED
2021-12-14 16:45:25,203 [WARN ] W-9007-spacing_1.0 org.pytorch.serve.wlm.WorkerLifeCycle - terminateIOStreams() threadName=W-9007-spacing_1.0-stderr
2021-12-14 16:45:25,204 [WARN ] W-9007-spacing_1.0 org.pytorch.serve.wlm.WorkerLifeCycle - terminateIOStreams() threadName=W-9007-spacing_1.0-stdout
2021-12-14 16:45:25,204 [DEBUG] W-9007-spacing_1.0 org.pytorch.serve.wlm.WorkerThread - Worker terminated due to scale-down call.
2021-12-14 16:45:25,205 [INFO ] W-9007-spacing_1.0-stdout org.pytorch.serve.wlm.WorkerLifeCycle - Stopped Scanner - W-9007-spacing_1.0-stdout
2021-12-14 16:45:25,206 [INFO ] W-9007-spacing_1.0-stderr org.pytorch.serve.wlm.WorkerLifeCycle - Stopped Scanner - W-9007-spacing_1.0-stderr
2021-12-14 16:45:25,219 [DEBUG] Thread-0 org.pytorch.serve.wlm.WorkerThread - W-9006-spacing_1.0 State change WORKER_MODEL_LOADED -> WORKER_SCALED_DOWN
2021-12-14 16:45:25,220 [WARN ] Thread-0 org.pytorch.serve.wlm.WorkerLifeCycle - terminateIOStreams() threadName=W-9006-spacing_1.0-stderr
2021-12-14 16:45:25,220 [WARN ] Thread-0 org.pytorch.serve.wlm.WorkerLifeCycle - terminateIOStreams() threadName=W-9006-spacing_1.0-stdout
2021-12-14 16:45:25,220 [INFO ] KQueueEventLoopGroup-5-7 org.pytorch.serve.wlm.WorkerThread - 9006 Worker disconnected. WORKER_SCALED_DOWN
2021-12-14 16:45:25,220 [DEBUG] W-9006-spacing_1.0 org.pytorch.serve.wlm.WorkerThread - System state is : WORKER_SCALED_DOWN
2021-12-14 16:45:25,221 [DEBUG] W-9006-spacing_1.0 org.pytorch.serve.wlm.WorkerThread - Shutting down the thread .. Scaling down.
2021-12-14 16:45:25,222 [DEBUG] W-9006-spacing_1.0 org.pytorch.serve.wlm.WorkerThread - W-9006-spacing_1.0 State change WORKER_SCALED_DOWN -> WORKER_STOPPED
2021-12-14 16:45:25,223 [WARN ] W-9006-spacing_1.0 org.pytorch.serve.wlm.WorkerLifeCycle - terminateIOStreams() threadName=W-9006-spacing_1.0-stderr
2021-12-14 16:45:25,223 [WARN ] W-9006-spacing_1.0 org.pytorch.serve.wlm.WorkerLifeCycle - terminateIOStreams() threadName=W-9006-spacing_1.0-stdout
2021-12-14 16:45:25,223 [DEBUG] W-9006-spacing_1.0 org.pytorch.serve.wlm.WorkerThread - Worker terminated due to scale-down call.
2021-12-14 16:45:25,224 [INFO ] W-9006-spacing_1.0-stdout org.pytorch.serve.wlm.WorkerLifeCycle - Stopped Scanner - W-9006-spacing_1.0-stdout
2021-12-14 16:45:25,224 [INFO ] W-9006-spacing_1.0-stderr org.pytorch.serve.wlm.WorkerLifeCycle - Stopped Scanner - W-9006-spacing_1.0-stderr
2021-12-14 16:45:25,231 [DEBUG] Thread-0 org.pytorch.serve.wlm.WorkerThread - W-9005-spacing_1.0 State change WORKER_MODEL_LOADED -> WORKER_SCALED_DOWN
2021-12-14 16:45:25,233 [WARN ] Thread-0 org.pytorch.serve.wlm.WorkerLifeCycle - terminateIOStreams() threadName=W-9005-spacing_1.0-stderr
2021-12-14 16:45:25,234 [INFO ] KQueueEventLoopGroup-5-1 org.pytorch.serve.wlm.WorkerThread - 9005 Worker disconnected. WORKER_SCALED_DOWN
2021-12-14 16:45:25,238 [WARN ] Thread-0 org.pytorch.serve.wlm.WorkerLifeCycle - terminateIOStreams() threadName=W-9005-spacing_1.0-stdout
2021-12-14 16:45:25,239 [DEBUG] W-9005-spacing_1.0 org.pytorch.serve.wlm.WorkerThread - System state is : WORKER_SCALED_DOWN
2021-12-14 16:45:25,239 [DEBUG] W-9005-spacing_1.0 org.pytorch.serve.wlm.WorkerThread - Shutting down the thread .. Scaling down.
2021-12-14 16:45:25,239 [DEBUG] W-9005-spacing_1.0 org.pytorch.serve.wlm.WorkerThread - W-9005-spacing_1.0 State change WORKER_SCALED_DOWN -> WORKER_STOPPED
2021-12-14 16:45:25,240 [INFO ] W-9005-spacing_1.0-stdout org.pytorch.serve.wlm.WorkerLifeCycle - Stopped Scanner - W-9005-spacing_1.0-stdout
2021-12-14 16:45:25,241 [INFO ] W-9005-spacing_1.0-stderr org.pytorch.serve.wlm.WorkerLifeCycle - Stopped Scanner - W-9005-spacing_1.0-stderr
2021-12-14 16:45:25,241 [WARN ] W-9005-spacing_1.0 org.pytorch.serve.wlm.WorkerLifeCycle - terminateIOStreams() threadName=W-9005-spacing_1.0-stderr
2021-12-14 16:45:25,242 [WARN ] W-9005-spacing_1.0 org.pytorch.serve.wlm.WorkerLifeCycle - terminateIOStreams() threadName=W-9005-spacing_1.0-stdout
2021-12-14 16:45:25,242 [DEBUG] W-9005-spacing_1.0 org.pytorch.serve.wlm.WorkerThread - Worker terminated due to scale-down call.
2021-12-14 16:45:25,248 [DEBUG] Thread-0 org.pytorch.serve.wlm.WorkerThread - W-9004-spacing_1.0 State change WORKER_MODEL_LOADED -> WORKER_SCALED_DOWN
2021-12-14 16:45:25,248 [WARN ] Thread-0 org.pytorch.serve.wlm.WorkerLifeCycle - terminateIOStreams() threadName=W-9004-spacing_1.0-stderr
2021-12-14 16:45:25,248 [WARN ] Thread-0 org.pytorch.serve.wlm.WorkerLifeCycle - terminateIOStreams() threadName=W-9004-spacing_1.0-stdout
2021-12-14 16:45:25,248 [DEBUG] W-9004-spacing_1.0 org.pytorch.serve.wlm.WorkerThread - System state is : WORKER_SCALED_DOWN
2021-12-14 16:45:25,251 [INFO ] KQueueEventLoopGroup-5-3 org.pytorch.serve.wlm.WorkerThread - 9004 Worker disconnected. WORKER_SCALED_DOWN
2021-12-14 16:45:25,252 [DEBUG] W-9004-spacing_1.0 org.pytorch.serve.wlm.WorkerThread - Shutting down the thread .. Scaling down.
2021-12-14 16:45:25,253 [DEBUG] W-9004-spacing_1.0 org.pytorch.serve.wlm.WorkerThread - W-9004-spacing_1.0 State change WORKER_SCALED_DOWN -> WORKER_STOPPED
2021-12-14 16:45:25,257 [INFO ] W-9004-spacing_1.0-stderr org.pytorch.serve.wlm.WorkerLifeCycle - Stopped Scanner - W-9004-spacing_1.0-stderr
2021-12-14 16:45:25,258 [WARN ] W-9004-spacing_1.0 org.pytorch.serve.wlm.WorkerLifeCycle - terminateIOStreams() threadName=W-9004-spacing_1.0-stderr
2021-12-14 16:45:25,258 [INFO ] W-9004-spacing_1.0-stdout org.pytorch.serve.wlm.WorkerLifeCycle - Stopped Scanner - W-9004-spacing_1.0-stdout
2021-12-14 16:45:25,261 [DEBUG] Thread-0 org.pytorch.serve.wlm.WorkerThread - W-9003-spacing_1.0 State change WORKER_MODEL_LOADED -> WORKER_SCALED_DOWN
2021-12-14 16:45:25,264 [WARN ] W-9004-spacing_1.0 org.pytorch.serve.wlm.WorkerLifeCycle - terminateIOStreams() threadName=W-9004-spacing_1.0-stdout
2021-12-14 16:45:25,267 [WARN ] Thread-0 org.pytorch.serve.wlm.WorkerLifeCycle - terminateIOStreams() threadName=W-9003-spacing_1.0-stderr
2021-12-14 16:45:25,267 [WARN ] Thread-0 org.pytorch.serve.wlm.WorkerLifeCycle - terminateIOStreams() threadName=W-9003-spacing_1.0-stdout
2021-12-14 16:45:25,267 [DEBUG] W-9004-spacing_1.0 org.pytorch.serve.wlm.WorkerThread - Worker terminated due to scale-down call.
2021-12-14 16:45:25,268 [INFO ] KQueueEventLoopGroup-5-8 org.pytorch.serve.wlm.WorkerThread - 9003 Worker disconnected. WORKER_SCALED_DOWN
2021-12-14 16:45:25,272 [DEBUG] W-9003-spacing_1.0 org.pytorch.serve.wlm.WorkerThread - System state is : WORKER_SCALED_DOWN
2021-12-14 16:45:25,274 [DEBUG] W-9003-spacing_1.0 org.pytorch.serve.wlm.WorkerThread - Shutting down the thread .. Scaling down.
2021-12-14 16:45:25,274 [DEBUG] W-9003-spacing_1.0 org.pytorch.serve.wlm.WorkerThread - W-9003-spacing_1.0 State change WORKER_SCALED_DOWN -> WORKER_STOPPED
2021-12-14 16:45:25,275 [INFO ] W-9003-spacing_1.0-stdout org.pytorch.serve.wlm.WorkerLifeCycle - Stopped Scanner - W-9003-spacing_1.0-stdout
2021-12-14 16:45:25,275 [INFO ] W-9003-spacing_1.0-stderr org.pytorch.serve.wlm.WorkerLifeCycle - Stopped Scanner - W-9003-spacing_1.0-stderr
2021-12-14 16:45:25,276 [WARN ] W-9003-spacing_1.0 org.pytorch.serve.wlm.WorkerLifeCycle - terminateIOStreams() threadName=W-9003-spacing_1.0-stderr
2021-12-14 16:45:25,277 [WARN ] W-9003-spacing_1.0 org.pytorch.serve.wlm.WorkerLifeCycle - terminateIOStreams() threadName=W-9003-spacing_1.0-stdout
2021-12-14 16:45:25,277 [DEBUG] W-9003-spacing_1.0 org.pytorch.serve.wlm.WorkerThread - Worker terminated due to scale-down call.
2021-12-14 16:45:25,280 [DEBUG] Thread-0 org.pytorch.serve.wlm.WorkerThread - W-9002-spacing_1.0 State change WORKER_MODEL_LOADED -> WORKER_SCALED_DOWN
2021-12-14 16:45:25,284 [WARN ] Thread-0 org.pytorch.serve.wlm.WorkerLifeCycle - terminateIOStreams() threadName=W-9002-spacing_1.0-stderr
2021-12-14 16:45:25,285 [WARN ] Thread-0 org.pytorch.serve.wlm.WorkerLifeCycle - terminateIOStreams() threadName=W-9002-spacing_1.0-stdout
2021-12-14 16:45:25,287 [INFO ] KQueueEventLoopGroup-5-6 org.pytorch.serve.wlm.WorkerThread - 9002 Worker disconnected. WORKER_SCALED_DOWN
2021-12-14 16:45:25,287 [DEBUG] W-9002-spacing_1.0 org.pytorch.serve.wlm.WorkerThread - System state is : WORKER_SCALED_DOWN
2021-12-14 16:45:25,288 [DEBUG] W-9002-spacing_1.0 org.pytorch.serve.wlm.WorkerThread - Shutting down the thread .. Scaling down.
2021-12-14 16:45:25,289 [DEBUG] W-9002-spacing_1.0 org.pytorch.serve.wlm.WorkerThread - W-9002-spacing_1.0 State change WORKER_SCALED_DOWN -> WORKER_STOPPED
2021-12-14 16:45:25,290 [INFO ] W-9002-spacing_1.0-stdout org.pytorch.serve.wlm.WorkerLifeCycle - Stopped Scanner - W-9002-spacing_1.0-stdout
2021-12-14 16:45:25,290 [INFO ] W-9002-spacing_1.0-stderr org.pytorch.serve.wlm.WorkerLifeCycle - Stopped Scanner - W-9002-spacing_1.0-stderr
2021-12-14 16:45:25,290 [WARN ] W-9002-spacing_1.0 org.pytorch.serve.wlm.WorkerLifeCycle - terminateIOStreams() threadName=W-9002-spacing_1.0-stderr
2021-12-14 16:45:25,291 [WARN ] W-9002-spacing_1.0 org.pytorch.serve.wlm.WorkerLifeCycle - terminateIOStreams() threadName=W-9002-spacing_1.0-stdout
2021-12-14 16:45:25,292 [DEBUG] W-9002-spacing_1.0 org.pytorch.serve.wlm.WorkerThread - Worker terminated due to scale-down call.
2021-12-14 16:45:25,296 [DEBUG] Thread-0 org.pytorch.serve.wlm.WorkerThread - W-9001-spacing_1.0 State change WORKER_MODEL_LOADED -> WORKER_SCALED_DOWN
2021-12-14 16:45:25,296 [WARN ] Thread-0 org.pytorch.serve.wlm.WorkerLifeCycle - terminateIOStreams() threadName=W-9001-spacing_1.0-stderr
2021-12-14 16:45:25,296 [WARN ] Thread-0 org.pytorch.serve.wlm.WorkerLifeCycle - terminateIOStreams() threadName=W-9001-spacing_1.0-stdout
2021-12-14 16:45:25,297 [DEBUG] W-9001-spacing_1.0 org.pytorch.serve.wlm.WorkerThread - System state is : WORKER_SCALED_DOWN
2021-12-14 16:45:25,299 [INFO ] KQueueEventLoopGroup-5-5 org.pytorch.serve.wlm.WorkerThread - 9001 Worker disconnected. WORKER_SCALED_DOWN
2021-12-14 16:45:25,301 [DEBUG] W-9001-spacing_1.0 org.pytorch.serve.wlm.WorkerThread - Shutting down the thread .. Scaling down.
2021-12-14 16:45:25,304 [DEBUG] W-9001-spacing_1.0 org.pytorch.serve.wlm.WorkerThread - W-9001-spacing_1.0 State change WORKER_SCALED_DOWN -> WORKER_STOPPED
2021-12-14 16:45:25,305 [INFO ] W-9001-spacing_1.0-stderr org.pytorch.serve.wlm.WorkerLifeCycle - Stopped Scanner - W-9001-spacing_1.0-stderr
2021-12-14 16:45:25,305 [INFO ] W-9001-spacing_1.0-stdout org.pytorch.serve.wlm.WorkerLifeCycle - Stopped Scanner - W-9001-spacing_1.0-stdout
2021-12-14 16:45:25,306 [WARN ] W-9001-spacing_1.0 org.pytorch.serve.wlm.WorkerLifeCycle - terminateIOStreams() threadName=W-9001-spacing_1.0-stderr
2021-12-14 16:45:25,306 [WARN ] W-9001-spacing_1.0 org.pytorch.serve.wlm.WorkerLifeCycle - terminateIOStreams() threadName=W-9001-spacing_1.0-stdout
2021-12-14 16:45:25,306 [DEBUG] W-9001-spacing_1.0 org.pytorch.serve.wlm.WorkerThread - Worker terminated due to scale-down call.
2021-12-14 16:45:25,306 [DEBUG] Thread-0 org.pytorch.serve.wlm.WorkerThread - W-9000-spacing_1.0 State change WORKER_MODEL_LOADED -> WORKER_SCALED_DOWN
2021-12-14 16:45:25,308 [WARN ] Thread-0 org.pytorch.serve.wlm.WorkerLifeCycle - terminateIOStreams() threadName=W-9000-spacing_1.0-stderr
2021-12-14 16:45:25,310 [INFO ] KQueueEventLoopGroup-5-4 org.pytorch.serve.wlm.WorkerThread - 9000 Worker disconnected. WORKER_SCALED_DOWN
2021-12-14 16:45:25,311 [WARN ] Thread-0 org.pytorch.serve.wlm.WorkerLifeCycle - terminateIOStreams() threadName=W-9000-spacing_1.0-stdout
2021-12-14 16:45:25,311 [DEBUG] W-9000-spacing_1.0 org.pytorch.serve.wlm.WorkerThread - System state is : WORKER_SCALED_DOWN
2021-12-14 16:45:25,312 [DEBUG] W-9000-spacing_1.0 org.pytorch.serve.wlm.WorkerThread - Shutting down the thread .. Scaling down.
2021-12-14 16:45:25,312 [DEBUG] W-9000-spacing_1.0 org.pytorch.serve.wlm.WorkerThread - W-9000-spacing_1.0 State change WORKER_SCALED_DOWN -> WORKER_STOPPED
2021-12-14 16:45:25,313 [INFO ] W-9000-spacing_1.0-stdout org.pytorch.serve.wlm.WorkerLifeCycle - Stopped Scanner - W-9000-spacing_1.0-stdout
2021-12-14 16:45:25,314 [INFO ] W-9000-spacing_1.0-stderr org.pytorch.serve.wlm.WorkerLifeCycle - Stopped Scanner - W-9000-spacing_1.0-stderr
2021-12-14 16:45:25,315 [WARN ] W-9000-spacing_1.0 org.pytorch.serve.wlm.WorkerLifeCycle - terminateIOStreams() threadName=W-9000-spacing_1.0-stderr
2021-12-14 16:45:25,315 [WARN ] W-9000-spacing_1.0 org.pytorch.serve.wlm.WorkerLifeCycle - terminateIOStreams() threadName=W-9000-spacing_1.0-stdout
2021-12-14 16:45:25,315 [DEBUG] W-9000-spacing_1.0 org.pytorch.serve.wlm.WorkerThread - Worker terminated due to scale-down call.
2021-12-14 16:45:25,380 [INFO ] Thread-0 org.pytorch.serve.wlm.ModelManager - Model spacing unregistered.
2021-12-14 16:45:25,381 [INFO ] Thread-0 org.pytorch.serve.ModelServer - Unregistering model dent version 1.0
2021-12-14 16:45:25,381 [DEBUG] Thread-0 org.pytorch.serve.wlm.ModelVersionedRefs - Removed model: dent version: 1.0
2021-12-14 16:45:25,381 [DEBUG] Thread-0 org.pytorch.serve.wlm.WorkerThread - W-9015-dent_1.0 State change WORKER_MODEL_LOADED -> WORKER_SCALED_DOWN
2021-12-14 16:45:25,381 [WARN ] Thread-0 org.pytorch.serve.wlm.WorkerLifeCycle - terminateIOStreams() threadName=W-9015-dent_1.0-stderr
2021-12-14 16:45:25,381 [WARN ] Thread-0 org.pytorch.serve.wlm.WorkerLifeCycle - terminateIOStreams() threadName=W-9015-dent_1.0-stdout
2021-12-14 16:45:25,381 [DEBUG] W-9015-dent_1.0 org.pytorch.serve.wlm.WorkerThread - System state is : WORKER_SCALED_DOWN
2021-12-14 16:45:25,382 [INFO ] KQueueEventLoopGroup-5-15 org.pytorch.serve.wlm.WorkerThread - 9015 Worker disconnected. WORKER_SCALED_DOWN
2021-12-14 16:45:25,383 [DEBUG] W-9015-dent_1.0 org.pytorch.serve.wlm.WorkerThread - Shutting down the thread .. Scaling down.
2021-12-14 16:45:25,384 [DEBUG] W-9015-dent_1.0 org.pytorch.serve.wlm.WorkerThread - W-9015-dent_1.0 State change WORKER_SCALED_DOWN -> WORKER_STOPPED
2021-12-14 16:45:25,385 [WARN ] W-9015-dent_1.0 org.pytorch.serve.wlm.WorkerLifeCycle - terminateIOStreams() threadName=W-9015-dent_1.0-stderr
2021-12-14 16:45:25,385 [WARN ] W-9015-dent_1.0 org.pytorch.serve.wlm.WorkerLifeCycle - terminateIOStreams() threadName=W-9015-dent_1.0-stdout
2021-12-14 16:45:25,385 [DEBUG] W-9015-dent_1.0 org.pytorch.serve.wlm.WorkerThread - Worker terminated due to scale-down call.
2021-12-14 16:45:25,385 [INFO ] W-9015-dent_1.0-stderr org.pytorch.serve.wlm.WorkerLifeCycle - Stopped Scanner - W-9015-dent_1.0-stderr
2021-12-14 16:45:25,388 [INFO ] W-9015-dent_1.0-stdout org.pytorch.serve.wlm.WorkerLifeCycle - Stopped Scanner - W-9015-dent_1.0-stdout
2021-12-14 16:45:25,390 [DEBUG] Thread-0 org.pytorch.serve.wlm.WorkerThread - W-9014-dent_1.0 State change WORKER_MODEL_LOADED -> WORKER_SCALED_DOWN
2021-12-14 16:45:25,393 [WARN ] Thread-0 org.pytorch.serve.wlm.WorkerLifeCycle - terminateIOStreams() threadName=W-9014-dent_1.0-stderr
2021-12-14 16:45:25,394 [INFO ] KQueueEventLoopGroup-5-13 org.pytorch.serve.wlm.WorkerThread - 9014 Worker disconnected. WORKER_SCALED_DOWN
2021-12-14 16:45:25,396 [WARN ] Thread-0 org.pytorch.serve.wlm.WorkerLifeCycle - terminateIOStreams() threadName=W-9014-dent_1.0-stdout
2021-12-14 16:45:25,396 [DEBUG] W-9014-dent_1.0 org.pytorch.serve.wlm.WorkerThread - System state is : WORKER_SCALED_DOWN
2021-12-14 16:45:25,396 [DEBUG] W-9014-dent_1.0 org.pytorch.serve.wlm.WorkerThread - Shutting down the thread .. Scaling down.
2021-12-14 16:45:25,397 [DEBUG] W-9014-dent_1.0 org.pytorch.serve.wlm.WorkerThread - W-9014-dent_1.0 State change WORKER_SCALED_DOWN -> WORKER_STOPPED
2021-12-14 16:45:25,400 [INFO ] W-9014-dent_1.0-stdout org.pytorch.serve.wlm.WorkerLifeCycle - Stopped Scanner - W-9014-dent_1.0-stdout
2021-12-14 16:45:25,401 [INFO ] W-9014-dent_1.0-stderr org.pytorch.serve.wlm.WorkerLifeCycle - Stopped Scanner - W-9014-dent_1.0-stderr
2021-12-14 16:45:25,401 [WARN ] W-9014-dent_1.0 org.pytorch.serve.wlm.WorkerLifeCycle - terminateIOStreams() threadName=W-9014-dent_1.0-stderr
2021-12-14 16:45:25,403 [WARN ] W-9014-dent_1.0 org.pytorch.serve.wlm.WorkerLifeCycle - terminateIOStreams() threadName=W-9014-dent_1.0-stdout
2021-12-14 16:45:25,403 [DEBUG] W-9014-dent_1.0 org.pytorch.serve.wlm.WorkerThread - Worker terminated due to scale-down call.
2021-12-14 16:45:25,410 [DEBUG] Thread-0 org.pytorch.serve.wlm.WorkerThread - W-9013-dent_1.0 State change WORKER_MODEL_LOADED -> WORKER_SCALED_DOWN
2021-12-14 16:45:25,411 [WARN ] Thread-0 org.pytorch.serve.wlm.WorkerLifeCycle - terminateIOStreams() threadName=W-9013-dent_1.0-stderr
2021-12-14 16:45:25,411 [WARN ] Thread-0 org.pytorch.serve.wlm.WorkerLifeCycle - terminateIOStreams() threadName=W-9013-dent_1.0-stdout
2021-12-14 16:45:25,412 [DEBUG] W-9013-dent_1.0 org.pytorch.serve.wlm.WorkerThread - System state is : WORKER_SCALED_DOWN
2021-12-14 16:45:25,412 [INFO ] KQueueEventLoopGroup-5-10 org.pytorch.serve.wlm.WorkerThread - 9013 Worker disconnected. WORKER_SCALED_DOWN
2021-12-14 16:45:25,412 [DEBUG] W-9013-dent_1.0 org.pytorch.serve.wlm.WorkerThread - Shutting down the thread .. Scaling down.
2021-12-14 16:45:25,413 [DEBUG] W-9013-dent_1.0 org.pytorch.serve.wlm.WorkerThread - W-9013-dent_1.0 State change WORKER_SCALED_DOWN -> WORKER_STOPPED
2021-12-14 16:45:25,415 [WARN ] W-9013-dent_1.0 org.pytorch.serve.wlm.WorkerLifeCycle - terminateIOStreams() threadName=W-9013-dent_1.0-stderr
2021-12-14 16:45:25,415 [WARN ] W-9013-dent_1.0 org.pytorch.serve.wlm.WorkerLifeCycle - terminateIOStreams() threadName=W-9013-dent_1.0-stdout
2021-12-14 16:45:25,415 [DEBUG] W-9013-dent_1.0 org.pytorch.serve.wlm.WorkerThread - Worker terminated due to scale-down call.
2021-12-14 16:45:25,415 [INFO ] W-9013-dent_1.0-stderr org.pytorch.serve.wlm.WorkerLifeCycle - Stopped Scanner - W-9013-dent_1.0-stderr
2021-12-14 16:45:25,416 [INFO ] W-9013-dent_1.0-stdout org.pytorch.serve.wlm.WorkerLifeCycle - Stopped Scanner - W-9013-dent_1.0-stdout
2021-12-14 16:45:25,423 [DEBUG] Thread-0 org.pytorch.serve.wlm.WorkerThread - W-9012-dent_1.0 State change WORKER_MODEL_LOADED -> WORKER_SCALED_DOWN
2021-12-14 16:45:25,423 [WARN ] Thread-0 org.pytorch.serve.wlm.WorkerLifeCycle - terminateIOStreams() threadName=W-9012-dent_1.0-stderr
2021-12-14 16:45:25,423 [WARN ] Thread-0 org.pytorch.serve.wlm.WorkerLifeCycle - terminateIOStreams() threadName=W-9012-dent_1.0-stdout
2021-12-14 16:45:25,424 [INFO ] KQueueEventLoopGroup-5-12 org.pytorch.serve.wlm.WorkerThread - 9012 Worker disconnected. WORKER_SCALED_DOWN
2021-12-14 16:45:25,424 [DEBUG] W-9012-dent_1.0 org.pytorch.serve.wlm.WorkerThread - System state is : WORKER_SCALED_DOWN
2021-12-14 16:45:25,425 [DEBUG] W-9012-dent_1.0 org.pytorch.serve.wlm.WorkerThread - Shutting down the thread .. Scaling down.
2021-12-14 16:45:25,425 [DEBUG] W-9012-dent_1.0 org.pytorch.serve.wlm.WorkerThread - W-9012-dent_1.0 State change WORKER_SCALED_DOWN -> WORKER_STOPPED
2021-12-14 16:45:25,427 [INFO ] W-9012-dent_1.0-stdout org.pytorch.serve.wlm.WorkerLifeCycle - Stopped Scanner - W-9012-dent_1.0-stdout
2021-12-14 16:45:25,427 [WARN ] W-9012-dent_1.0 org.pytorch.serve.wlm.WorkerLifeCycle - terminateIOStreams() threadName=W-9012-dent_1.0-stderr
2021-12-14 16:45:25,427 [WARN ] W-9012-dent_1.0 org.pytorch.serve.wlm.WorkerLifeCycle - terminateIOStreams() threadName=W-9012-dent_1.0-stdout
2021-12-14 16:45:25,427 [DEBUG] W-9012-dent_1.0 org.pytorch.serve.wlm.WorkerThread - Worker terminated due to scale-down call.
2021-12-14 16:45:25,428 [INFO ] W-9012-dent_1.0-stderr org.pytorch.serve.wlm.WorkerLifeCycle - Stopped Scanner - W-9012-dent_1.0-stderr
2021-12-14 16:45:25,434 [DEBUG] Thread-0 org.pytorch.serve.wlm.WorkerThread - W-9011-dent_1.0 State change WORKER_MODEL_LOADED -> WORKER_SCALED_DOWN
2021-12-14 16:45:25,435 [WARN ] Thread-0 org.pytorch.serve.wlm.WorkerLifeCycle - terminateIOStreams() threadName=W-9011-dent_1.0-stderr
2021-12-14 16:45:25,435 [WARN ] Thread-0 org.pytorch.serve.wlm.WorkerLifeCycle - terminateIOStreams() threadName=W-9011-dent_1.0-stdout
2021-12-14 16:45:25,436 [INFO ] KQueueEventLoopGroup-5-16 org.pytorch.serve.wlm.WorkerThread - 9011 Worker disconnected. WORKER_SCALED_DOWN
2021-12-14 16:45:25,436 [DEBUG] W-9011-dent_1.0 org.pytorch.serve.wlm.WorkerThread - System state is : WORKER_SCALED_DOWN
2021-12-14 16:45:25,437 [DEBUG] W-9011-dent_1.0 org.pytorch.serve.wlm.WorkerThread - Shutting down the thread .. Scaling down.
2021-12-14 16:45:25,438 [DEBUG] W-9011-dent_1.0 org.pytorch.serve.wlm.WorkerThread - W-9011-dent_1.0 State change WORKER_SCALED_DOWN -> WORKER_STOPPED
2021-12-14 16:45:25,439 [WARN ] W-9011-dent_1.0 org.pytorch.serve.wlm.WorkerLifeCycle - terminateIOStreams() threadName=W-9011-dent_1.0-stderr
2021-12-14 16:45:25,439 [WARN ] W-9011-dent_1.0 org.pytorch.serve.wlm.WorkerLifeCycle - terminateIOStreams() threadName=W-9011-dent_1.0-stdout
2021-12-14 16:45:25,440 [INFO ] W-9011-dent_1.0-stderr org.pytorch.serve.wlm.WorkerLifeCycle - Stopped Scanner - W-9011-dent_1.0-stderr
2021-12-14 16:45:25,441 [DEBUG] W-9011-dent_1.0 org.pytorch.serve.wlm.WorkerThread - Worker terminated due to scale-down call.
2021-12-14 16:45:25,442 [INFO ] W-9011-dent_1.0-stdout org.pytorch.serve.wlm.WorkerLifeCycle - Stopped Scanner - W-9011-dent_1.0-stdout
2021-12-14 16:45:25,448 [DEBUG] Thread-0 org.pytorch.serve.wlm.WorkerThread - W-9010-dent_1.0 State change WORKER_MODEL_LOADED -> WORKER_SCALED_DOWN
2021-12-14 16:45:25,449 [WARN ] Thread-0 org.pytorch.serve.wlm.WorkerLifeCycle - terminateIOStreams() threadName=W-9010-dent_1.0-stderr
2021-12-14 16:45:25,449 [WARN ] Thread-0 org.pytorch.serve.wlm.WorkerLifeCycle - terminateIOStreams() threadName=W-9010-dent_1.0-stdout
2021-12-14 16:45:25,449 [DEBUG] W-9010-dent_1.0 org.pytorch.serve.wlm.WorkerThread - System state is : WORKER_SCALED_DOWN
2021-12-14 16:45:25,449 [DEBUG] W-9010-dent_1.0 org.pytorch.serve.wlm.WorkerThread - Shutting down the thread .. Scaling down.
2021-12-14 16:45:25,450 [DEBUG] W-9010-dent_1.0 org.pytorch.serve.wlm.WorkerThread - W-9010-dent_1.0 State change WORKER_SCALED_DOWN -> WORKER_STOPPED
2021-12-14 16:45:25,453 [INFO ] KQueueEventLoopGroup-5-11 org.pytorch.serve.wlm.WorkerThread - 9010 Worker disconnected. WORKER_SCALED_DOWN
2021-12-14 16:45:25,459 [INFO ] W-9010-dent_1.0-stderr org.pytorch.serve.wlm.WorkerLifeCycle - Stopped Scanner - W-9010-dent_1.0-stderr
2021-12-14 16:45:25,462 [DEBUG] Thread-0 org.pytorch.serve.wlm.WorkerThread - W-9009-dent_1.0 State change WORKER_MODEL_LOADED -> WORKER_SCALED_DOWN
2021-12-14 16:45:25,461 [WARN ] W-9010-dent_1.0 org.pytorch.serve.wlm.WorkerLifeCycle - terminateIOStreams() threadName=W-9010-dent_1.0-stderr
2021-12-14 16:45:25,463 [INFO ] W-9010-dent_1.0-stdout org.pytorch.serve.wlm.WorkerLifeCycle - Stopped Scanner - W-9010-dent_1.0-stdout
2021-12-14 16:45:25,464 [INFO ] KQueueEventLoopGroup-5-9 org.pytorch.serve.wlm.WorkerThread - 9009 Worker disconnected. WORKER_SCALED_DOWN
2021-12-14 16:45:25,464 [WARN ] Thread-0 org.pytorch.serve.wlm.WorkerLifeCycle - terminateIOStreams() threadName=W-9009-dent_1.0-stderr
2021-12-14 16:45:25,464 [WARN ] W-9010-dent_1.0 org.pytorch.serve.wlm.WorkerLifeCycle - terminateIOStreams() threadName=W-9010-dent_1.0-stdout
2021-12-14 16:45:25,471 [DEBUG] W-9009-dent_1.0 org.pytorch.serve.wlm.WorkerThread - System state is : WORKER_SCALED_DOWN
2021-12-14 16:45:25,471 [DEBUG] W-9010-dent_1.0 org.pytorch.serve.wlm.WorkerThread - Worker terminated due to scale-down call.
2021-12-14 16:45:25,471 [WARN ] Thread-0 org.pytorch.serve.wlm.WorkerLifeCycle - terminateIOStreams() threadName=W-9009-dent_1.0-stdout
2021-12-14 16:45:25,471 [DEBUG] W-9009-dent_1.0 org.pytorch.serve.wlm.WorkerThread - Shutting down the thread .. Scaling down.
2021-12-14 16:45:25,472 [INFO ] W-9009-dent_1.0-stdout org.pytorch.serve.wlm.WorkerLifeCycle - Stopped Scanner - W-9009-dent_1.0-stdout
2021-12-14 16:45:25,474 [DEBUG] W-9009-dent_1.0 org.pytorch.serve.wlm.WorkerThread - W-9009-dent_1.0 State change WORKER_SCALED_DOWN -> WORKER_STOPPED
2021-12-14 16:45:25,476 [INFO ] W-9009-dent_1.0-stderr org.pytorch.serve.wlm.WorkerLifeCycle - Stopped Scanner - W-9009-dent_1.0-stderr
2021-12-14 16:45:25,477 [WARN ] W-9009-dent_1.0 org.pytorch.serve.wlm.WorkerLifeCycle - terminateIOStreams() threadName=W-9009-dent_1.0-stderr
2021-12-14 16:45:25,477 [WARN ] W-9009-dent_1.0 org.pytorch.serve.wlm.WorkerLifeCycle - terminateIOStreams() threadName=W-9009-dent_1.0-stdout
2021-12-14 16:45:25,477 [DEBUG] W-9009-dent_1.0 org.pytorch.serve.wlm.WorkerThread - Worker terminated due to scale-down call.
2021-12-14 16:45:25,483 [DEBUG] Thread-0 org.pytorch.serve.wlm.WorkerThread - W-9008-dent_1.0 State change WORKER_MODEL_LOADED -> WORKER_SCALED_DOWN
2021-12-14 16:45:25,483 [WARN ] Thread-0 org.pytorch.serve.wlm.WorkerLifeCycle - terminateIOStreams() threadName=W-9008-dent_1.0-stderr
2021-12-14 16:45:25,483 [WARN ] Thread-0 org.pytorch.serve.wlm.WorkerLifeCycle - terminateIOStreams() threadName=W-9008-dent_1.0-stdout
2021-12-14 16:45:25,483 [DEBUG] W-9008-dent_1.0 org.pytorch.serve.wlm.WorkerThread - System state is : WORKER_SCALED_DOWN
2021-12-14 16:45:25,483 [DEBUG] W-9008-dent_1.0 org.pytorch.serve.wlm.WorkerThread - Shutting down the thread .. Scaling down.
2021-12-14 16:45:25,483 [DEBUG] W-9008-dent_1.0 org.pytorch.serve.wlm.WorkerThread - W-9008-dent_1.0 State change WORKER_SCALED_DOWN -> WORKER_STOPPED
2021-12-14 16:45:25,485 [INFO ] KQueueEventLoopGroup-5-14 org.pytorch.serve.wlm.WorkerThread - 9008 Worker disconnected. WORKER_SCALED_DOWN
2021-12-14 16:45:25,488 [WARN ] W-9008-dent_1.0 org.pytorch.serve.wlm.WorkerLifeCycle - terminateIOStreams() threadName=W-9008-dent_1.0-stderr
2021-12-14 16:45:25,488 [INFO ] W-9008-dent_1.0-stderr org.pytorch.serve.wlm.WorkerLifeCycle - Stopped Scanner - W-9008-dent_1.0-stderr
2021-12-14 16:45:25,488 [WARN ] W-9008-dent_1.0 org.pytorch.serve.wlm.WorkerLifeCycle - terminateIOStreams() threadName=W-9008-dent_1.0-stdout
2021-12-14 16:45:25,488 [DEBUG] W-9008-dent_1.0 org.pytorch.serve.wlm.WorkerThread - Worker terminated due to scale-down call.
2021-12-14 16:45:25,490 [INFO ] W-9008-dent_1.0-stdout org.pytorch.serve.wlm.WorkerLifeCycle - Stopped Scanner - W-9008-dent_1.0-stdout
2021-12-14 16:45:25,608 [INFO ] Thread-0 org.pytorch.serve.wlm.ModelManager - Model dent unregistered.
2021-12-14 16:45:25,608 [INFO ] Thread-0 org.pytorch.serve.ModelServer - Unregistering model scratch version 1.0
2021-12-14 16:45:25,608 [DEBUG] Thread-0 org.pytorch.serve.wlm.ModelVersionedRefs - Removed model: scratch version: 1.0
2021-12-14 16:45:25,608 [DEBUG] Thread-0 org.pytorch.serve.wlm.WorkerThread - W-9023-scratch_1.0 State change WORKER_MODEL_LOADED -> WORKER_SCALED_DOWN
2021-12-14 16:45:25,609 [WARN ] Thread-0 org.pytorch.serve.wlm.WorkerLifeCycle - terminateIOStreams() threadName=W-9023-scratch_1.0-stderr
2021-12-14 16:45:25,609 [WARN ] Thread-0 org.pytorch.serve.wlm.WorkerLifeCycle - terminateIOStreams() threadName=W-9023-scratch_1.0-stdout
2021-12-14 16:45:25,609 [DEBUG] W-9023-scratch_1.0 org.pytorch.serve.wlm.WorkerThread - System state is : WORKER_SCALED_DOWN
2021-12-14 16:45:25,609 [DEBUG] W-9023-scratch_1.0 org.pytorch.serve.wlm.WorkerThread - Shutting down the thread .. Scaling down.
2021-12-14 16:45:25,610 [DEBUG] W-9023-scratch_1.0 org.pytorch.serve.wlm.WorkerThread - W-9023-scratch_1.0 State change WORKER_SCALED_DOWN -> WORKER_STOPPED
2021-12-14 16:45:25,610 [INFO ] KQueueEventLoopGroup-5-7 org.pytorch.serve.wlm.WorkerThread - 9023 Worker disconnected. WORKER_SCALED_DOWN
2021-12-14 16:45:25,610 [WARN ] W-9023-scratch_1.0 org.pytorch.serve.wlm.WorkerLifeCycle - terminateIOStreams() threadName=W-9023-scratch_1.0-stderr
2021-12-14 16:45:25,610 [WARN ] W-9023-scratch_1.0 org.pytorch.serve.wlm.WorkerLifeCycle - terminateIOStreams() threadName=W-9023-scratch_1.0-stdout
2021-12-14 16:45:25,610 [DEBUG] W-9023-scratch_1.0 org.pytorch.serve.wlm.WorkerThread - Worker terminated due to scale-down call.
2021-12-14 16:45:25,611 [INFO ] W-9023-scratch_1.0-stdout org.pytorch.serve.wlm.WorkerLifeCycle - Stopped Scanner - W-9023-scratch_1.0-stdout
2021-12-14 16:45:25,611 [INFO ] W-9023-scratch_1.0-stderr org.pytorch.serve.wlm.WorkerLifeCycle - Stopped Scanner - W-9023-scratch_1.0-stderr
2021-12-14 16:45:25,618 [DEBUG] Thread-0 org.pytorch.serve.wlm.WorkerThread - W-9022-scratch_1.0 State change WORKER_MODEL_LOADED -> WORKER_SCALED_DOWN
2021-12-14 16:45:25,619 [WARN ] Thread-0 org.pytorch.serve.wlm.WorkerLifeCycle - terminateIOStreams() threadName=W-9022-scratch_1.0-stderr
2021-12-14 16:45:25,619 [WARN ] Thread-0 org.pytorch.serve.wlm.WorkerLifeCycle - terminateIOStreams() threadName=W-9022-scratch_1.0-stdout
2021-12-14 16:45:25,619 [INFO ] KQueueEventLoopGroup-5-1 org.pytorch.serve.wlm.WorkerThread - 9022 Worker disconnected. WORKER_SCALED_DOWN
2021-12-14 16:45:25,619 [DEBUG] W-9022-scratch_1.0 org.pytorch.serve.wlm.WorkerThread - System state is : WORKER_SCALED_DOWN
2021-12-14 16:45:25,619 [DEBUG] W-9022-scratch_1.0 org.pytorch.serve.wlm.WorkerThread - Shutting down the thread .. Scaling down.
2021-12-14 16:45:25,620 [DEBUG] W-9022-scratch_1.0 org.pytorch.serve.wlm.WorkerThread - W-9022-scratch_1.0 State change WORKER_SCALED_DOWN -> WORKER_STOPPED
2021-12-14 16:45:25,620 [INFO ] W-9022-scratch_1.0-stderr org.pytorch.serve.wlm.WorkerLifeCycle - Stopped Scanner - W-9022-scratch_1.0-stderr
2021-12-14 16:45:25,620 [WARN ] W-9022-scratch_1.0 org.pytorch.serve.wlm.WorkerLifeCycle - terminateIOStreams() threadName=W-9022-scratch_1.0-stderr
2021-12-14 16:45:25,620 [WARN ] W-9022-scratch_1.0 org.pytorch.serve.wlm.WorkerLifeCycle - terminateIOStreams() threadName=W-9022-scratch_1.0-stdout
2021-12-14 16:45:25,620 [DEBUG] W-9022-scratch_1.0 org.pytorch.serve.wlm.WorkerThread - Worker terminated due to scale-down call.
2021-12-14 16:45:25,621 [INFO ] W-9022-scratch_1.0-stdout org.pytorch.serve.wlm.WorkerLifeCycle - Stopped Scanner - W-9022-scratch_1.0-stdout
2021-12-14 16:45:25,628 [DEBUG] Thread-0 org.pytorch.serve.wlm.WorkerThread - W-9021-scratch_1.0 State change WORKER_MODEL_LOADED -> WORKER_SCALED_DOWN
2021-12-14 16:45:25,629 [WARN ] Thread-0 org.pytorch.serve.wlm.WorkerLifeCycle - terminateIOStreams() threadName=W-9021-scratch_1.0-stderr
2021-12-14 16:45:25,629 [WARN ] Thread-0 org.pytorch.serve.wlm.WorkerLifeCycle - terminateIOStreams() threadName=W-9021-scratch_1.0-stdout
2021-12-14 16:45:25,629 [DEBUG] W-9021-scratch_1.0 org.pytorch.serve.wlm.WorkerThread - System state is : WORKER_SCALED_DOWN
2021-12-14 16:45:25,629 [DEBUG] W-9021-scratch_1.0 org.pytorch.serve.wlm.WorkerThread - Shutting down the thread .. Scaling down.
2021-12-14 16:45:25,629 [DEBUG] W-9021-scratch_1.0 org.pytorch.serve.wlm.WorkerThread - W-9021-scratch_1.0 State change WORKER_SCALED_DOWN -> WORKER_STOPPED
2021-12-14 16:45:25,629 [INFO ] KQueueEventLoopGroup-5-8 org.pytorch.serve.wlm.WorkerThread - 9021 Worker disconnected. WORKER_SCALED_DOWN
2021-12-14 16:45:25,629 [WARN ] W-9021-scratch_1.0 org.pytorch.serve.wlm.WorkerLifeCycle - terminateIOStreams() threadName=W-9021-scratch_1.0-stderr
2021-12-14 16:45:25,629 [WARN ] W-9021-scratch_1.0 org.pytorch.serve.wlm.WorkerLifeCycle - terminateIOStreams() threadName=W-9021-scratch_1.0-stdout
2021-12-14 16:45:25,629 [DEBUG] W-9021-scratch_1.0 org.pytorch.serve.wlm.WorkerThread - Worker terminated due to scale-down call.
2021-12-14 16:45:25,629 [INFO ] W-9021-scratch_1.0-stdout org.pytorch.serve.wlm.WorkerLifeCycle - Stopped Scanner - W-9021-scratch_1.0-stdout
2021-12-14 16:45:25,629 [INFO ] W-9021-scratch_1.0-stderr org.pytorch.serve.wlm.WorkerLifeCycle - Stopped Scanner - W-9021-scratch_1.0-stderr
2021-12-14 16:45:25,639 [DEBUG] Thread-0 org.pytorch.serve.wlm.WorkerThread - W-9020-scratch_1.0 State change WORKER_MODEL_LOADED -> WORKER_SCALED_DOWN
2021-12-14 16:45:25,640 [WARN ] Thread-0 org.pytorch.serve.wlm.WorkerLifeCycle - terminateIOStreams() threadName=W-9020-scratch_1.0-stderr
2021-12-14 16:45:25,640 [WARN ] Thread-0 org.pytorch.serve.wlm.WorkerLifeCycle - terminateIOStreams() threadName=W-9020-scratch_1.0-stdout
2021-12-14 16:45:25,640 [INFO ] KQueueEventLoopGroup-5-3 org.pytorch.serve.wlm.WorkerThread - 9020 Worker disconnected. WORKER_SCALED_DOWN
2021-12-14 16:45:25,640 [DEBUG] W-9020-scratch_1.0 org.pytorch.serve.wlm.WorkerThread - System state is : WORKER_SCALED_DOWN
2021-12-14 16:45:25,640 [DEBUG] W-9020-scratch_1.0 org.pytorch.serve.wlm.WorkerThread - Shutting down the thread .. Scaling down.
2021-12-14 16:45:25,640 [DEBUG] W-9020-scratch_1.0 org.pytorch.serve.wlm.WorkerThread - W-9020-scratch_1.0 State change WORKER_SCALED_DOWN -> WORKER_STOPPED
2021-12-14 16:45:25,640 [INFO ] W-9020-scratch_1.0-stdout org.pytorch.serve.wlm.WorkerLifeCycle - Stopped Scanner - W-9020-scratch_1.0-stdout
2021-12-14 16:45:25,640 [INFO ] W-9020-scratch_1.0-stderr org.pytorch.serve.wlm.WorkerLifeCycle - Stopped Scanner - W-9020-scratch_1.0-stderr
2021-12-14 16:45:25,641 [WARN ] W-9020-scratch_1.0 org.pytorch.serve.wlm.WorkerLifeCycle - terminateIOStreams() threadName=W-9020-scratch_1.0-stderr
2021-12-14 16:45:25,641 [WARN ] W-9020-scratch_1.0 org.pytorch.serve.wlm.WorkerLifeCycle - terminateIOStreams() threadName=W-9020-scratch_1.0-stdout
2021-12-14 16:45:25,641 [DEBUG] W-9020-scratch_1.0 org.pytorch.serve.wlm.WorkerThread - Worker terminated due to scale-down call.
2021-12-14 16:45:25,654 [DEBUG] Thread-0 org.pytorch.serve.wlm.WorkerThread - W-9019-scratch_1.0 State change WORKER_MODEL_LOADED -> WORKER_SCALED_DOWN
2021-12-14 16:45:25,654 [WARN ] Thread-0 org.pytorch.serve.wlm.WorkerLifeCycle - terminateIOStreams() threadName=W-9019-scratch_1.0-stderr
2021-12-14 16:45:25,654 [WARN ] Thread-0 org.pytorch.serve.wlm.WorkerLifeCycle - terminateIOStreams() threadName=W-9019-scratch_1.0-stdout
2021-12-14 16:45:25,655 [DEBUG] W-9019-scratch_1.0 org.pytorch.serve.wlm.WorkerThread - System state is : WORKER_SCALED_DOWN
2021-12-14 16:45:25,655 [INFO ] KQueueEventLoopGroup-5-2 org.pytorch.serve.wlm.WorkerThread - 9019 Worker disconnected. WORKER_SCALED_DOWN
2021-12-14 16:45:25,655 [DEBUG] W-9019-scratch_1.0 org.pytorch.serve.wlm.WorkerThread - Shutting down the thread .. Scaling down.
2021-12-14 16:45:25,655 [DEBUG] W-9019-scratch_1.0 org.pytorch.serve.wlm.WorkerThread - W-9019-scratch_1.0 State change WORKER_SCALED_DOWN -> WORKER_STOPPED
2021-12-14 16:45:25,655 [WARN ] W-9019-scratch_1.0 org.pytorch.serve.wlm.WorkerLifeCycle - terminateIOStreams() threadName=W-9019-scratch_1.0-stderr
2021-12-14 16:45:25,656 [WARN ] W-9019-scratch_1.0 org.pytorch.serve.wlm.WorkerLifeCycle - terminateIOStreams() threadName=W-9019-scratch_1.0-stdout
2021-12-14 16:45:25,656 [DEBUG] W-9019-scratch_1.0 org.pytorch.serve.wlm.WorkerThread - Worker terminated due to scale-down call.
2021-12-14 16:45:25,656 [INFO ] W-9019-scratch_1.0-stdout org.pytorch.serve.wlm.WorkerLifeCycle - Stopped Scanner - W-9019-scratch_1.0-stdout
2021-12-14 16:45:25,656 [INFO ] W-9019-scratch_1.0-stderr org.pytorch.serve.wlm.WorkerLifeCycle - Stopped Scanner - W-9019-scratch_1.0-stderr
2021-12-14 16:45:25,666 [DEBUG] Thread-0 org.pytorch.serve.wlm.WorkerThread - W-9018-scratch_1.0 State change WORKER_MODEL_LOADED -> WORKER_SCALED_DOWN
2021-12-14 16:45:25,666 [WARN ] Thread-0 org.pytorch.serve.wlm.WorkerLifeCycle - terminateIOStreams() threadName=W-9018-scratch_1.0-stderr
2021-12-14 16:45:25,666 [WARN ] Thread-0 org.pytorch.serve.wlm.WorkerLifeCycle - terminateIOStreams() threadName=W-9018-scratch_1.0-stdout
2021-12-14 16:45:25,667 [DEBUG] W-9018-scratch_1.0 org.pytorch.serve.wlm.WorkerThread - System state is : WORKER_SCALED_DOWN
2021-12-14 16:45:25,667 [DEBUG] W-9018-scratch_1.0 org.pytorch.serve.wlm.WorkerThread - Shutting down the thread .. Scaling down.
2021-12-14 16:45:25,667 [DEBUG] W-9018-scratch_1.0 org.pytorch.serve.wlm.WorkerThread - W-9018-scratch_1.0 State change WORKER_SCALED_DOWN -> WORKER_STOPPED
2021-12-14 16:45:25,667 [INFO ] W-9018-scratch_1.0-stdout org.pytorch.serve.wlm.WorkerLifeCycle - Stopped Scanner - W-9018-scratch_1.0-stdout
2021-12-14 16:45:25,667 [WARN ] W-9018-scratch_1.0 org.pytorch.serve.wlm.WorkerLifeCycle - terminateIOStreams() threadName=W-9018-scratch_1.0-stderr
2021-12-14 16:45:25,667 [INFO ] W-9018-scratch_1.0-stderr org.pytorch.serve.wlm.WorkerLifeCycle - Stopped Scanner - W-9018-scratch_1.0-stderr
2021-12-14 16:45:25,667 [WARN ] W-9018-scratch_1.0 org.pytorch.serve.wlm.WorkerLifeCycle - terminateIOStreams() threadName=W-9018-scratch_1.0-stdout
2021-12-14 16:45:25,667 [DEBUG] W-9018-scratch_1.0 org.pytorch.serve.wlm.WorkerThread - Worker terminated due to scale-down call.
2021-12-14 16:45:25,667 [INFO ] KQueueEventLoopGroup-5-5 org.pytorch.serve.wlm.WorkerThread - 9018 Worker disconnected. WORKER_SCALED_DOWN
2021-12-14 16:45:25,681 [DEBUG] Thread-0 org.pytorch.serve.wlm.WorkerThread - W-9017-scratch_1.0 State change WORKER_MODEL_LOADED -> WORKER_SCALED_DOWN
2021-12-14 16:45:25,682 [WARN ] Thread-0 org.pytorch.serve.wlm.WorkerLifeCycle - terminateIOStreams() threadName=W-9017-scratch_1.0-stderr
2021-12-14 16:45:25,682 [WARN ] Thread-0 org.pytorch.serve.wlm.WorkerLifeCycle - terminateIOStreams() threadName=W-9017-scratch_1.0-stdout
2021-12-14 16:45:25,682 [DEBUG] W-9017-scratch_1.0 org.pytorch.serve.wlm.WorkerThread - System state is : WORKER_SCALED_DOWN
2021-12-14 16:45:25,682 [DEBUG] W-9017-scratch_1.0 org.pytorch.serve.wlm.WorkerThread - Shutting down the thread .. Scaling down.
2021-12-14 16:45:25,682 [DEBUG] W-9017-scratch_1.0 org.pytorch.serve.wlm.WorkerThread - W-9017-scratch_1.0 State change WORKER_SCALED_DOWN -> WORKER_STOPPED
2021-12-14 16:45:25,682 [INFO ] KQueueEventLoopGroup-5-6 org.pytorch.serve.wlm.WorkerThread - 9017 Worker disconnected. WORKER_SCALED_DOWN
2021-12-14 16:45:25,683 [WARN ] W-9017-scratch_1.0 org.pytorch.serve.wlm.WorkerLifeCycle - terminateIOStreams() threadName=W-9017-scratch_1.0-stderr
2021-12-14 16:45:25,683 [WARN ] W-9017-scratch_1.0 org.pytorch.serve.wlm.WorkerLifeCycle - terminateIOStreams() threadName=W-9017-scratch_1.0-stdout
2021-12-14 16:45:25,683 [DEBUG] W-9017-scratch_1.0 org.pytorch.serve.wlm.WorkerThread - Worker terminated due to scale-down call.
2021-12-14 16:45:25,683 [INFO ] W-9017-scratch_1.0-stdout org.pytorch.serve.wlm.WorkerLifeCycle - Stopped Scanner - W-9017-scratch_1.0-stdout
2021-12-14 16:45:25,693 [INFO ] W-9017-scratch_1.0-stderr org.pytorch.serve.wlm.WorkerLifeCycle - Stopped Scanner - W-9017-scratch_1.0-stderr
2021-12-14 16:45:25,696 [DEBUG] Thread-0 org.pytorch.serve.wlm.WorkerThread - W-9016-scratch_1.0 State change WORKER_MODEL_LOADED -> WORKER_SCALED_DOWN
2021-12-14 16:45:25,696 [WARN ] Thread-0 org.pytorch.serve.wlm.WorkerLifeCycle - terminateIOStreams() threadName=W-9016-scratch_1.0-stderr
2021-12-14 16:45:25,696 [WARN ] Thread-0 org.pytorch.serve.wlm.WorkerLifeCycle - terminateIOStreams() threadName=W-9016-scratch_1.0-stdout
2021-12-14 16:45:25,697 [DEBUG] W-9016-scratch_1.0 org.pytorch.serve.wlm.WorkerThread - System state is : WORKER_SCALED_DOWN
2021-12-14 16:45:25,697 [DEBUG] W-9016-scratch_1.0 org.pytorch.serve.wlm.WorkerThread - Shutting down the thread .. Scaling down.
2021-12-14 16:45:25,697 [INFO ] KQueueEventLoopGroup-5-4 org.pytorch.serve.wlm.WorkerThread - 9016 Worker disconnected. WORKER_SCALED_DOWN
2021-12-14 16:45:25,697 [DEBUG] W-9016-scratch_1.0 org.pytorch.serve.wlm.WorkerThread - W-9016-scratch_1.0 State change WORKER_SCALED_DOWN -> WORKER_STOPPED
2021-12-14 16:45:25,700 [INFO ] W-9016-scratch_1.0-stderr org.pytorch.serve.wlm.WorkerLifeCycle - Stopped Scanner - W-9016-scratch_1.0-stderr
2021-12-14 16:45:25,700 [INFO ] W-9016-scratch_1.0-stdout org.pytorch.serve.wlm.WorkerLifeCycle - Stopped Scanner - W-9016-scratch_1.0-stdout
2021-12-14 16:45:25,701 [WARN ] W-9016-scratch_1.0 org.pytorch.serve.wlm.WorkerLifeCycle - terminateIOStreams() threadName=W-9016-scratch_1.0-stderr
2021-12-14 16:45:25,701 [WARN ] W-9016-scratch_1.0 org.pytorch.serve.wlm.WorkerLifeCycle - terminateIOStreams() threadName=W-9016-scratch_1.0-stdout
2021-12-14 16:45:25,701 [DEBUG] W-9016-scratch_1.0 org.pytorch.serve.wlm.WorkerThread - Worker terminated due to scale-down call.
2021-12-14 16:45:25,797 [INFO ] Thread-0 org.pytorch.serve.wlm.ModelManager - Model scratch unregistered.
