2021-11-29 16:49:14,525 - W-9001-spacing_1.0.ms:2526|#Level:Host|#hostname:Tae-wons-MacBook-Pro.local,timestamp:1638172154
2021-11-29 16:49:14,539 - WorkerThreadTime.ms:77|#Level:Host|#hostname:Tae-wons-MacBook-Pro.local,timestamp:null
2021-11-29 16:49:14,574 - W-9007-spacing_1.0.ms:2571|#Level:Host|#hostname:Tae-wons-MacBook-Pro.local,timestamp:1638172154
2021-11-29 16:49:14,579 - WorkerThreadTime.ms:96|#Level:Host|#hostname:Tae-wons-MacBook-Pro.local,timestamp:null
2021-11-29 16:49:14,588 - W-9005-spacing_1.0.ms:2588|#Level:Host|#hostname:Tae-wons-MacBook-Pro.local,timestamp:1638172154
2021-11-29 16:49:14,588 - WorkerThreadTime.ms:60|#Level:Host|#hostname:Tae-wons-MacBook-Pro.local,timestamp:null
2021-11-29 16:49:14,619 - W-9000-spacing_1.0.ms:2621|#Level:Host|#hostname:Tae-wons-MacBook-Pro.local,timestamp:1638172154
2021-11-29 16:49:14,620 - WorkerThreadTime.ms:62|#Level:Host|#hostname:Tae-wons-MacBook-Pro.local,timestamp:null
2021-11-29 16:49:14,623 - W-9002-spacing_1.0.ms:2624|#Level:Host|#hostname:Tae-wons-MacBook-Pro.local,timestamp:1638172154
2021-11-29 16:49:14,623 - WorkerThreadTime.ms:62|#Level:Host|#hostname:Tae-wons-MacBook-Pro.local,timestamp:null
2021-11-29 16:49:14,636 - W-9004-spacing_1.0.ms:2636|#Level:Host|#hostname:Tae-wons-MacBook-Pro.local,timestamp:1638172154
2021-11-29 16:49:14,636 - WorkerThreadTime.ms:72|#Level:Host|#hostname:Tae-wons-MacBook-Pro.local,timestamp:null
2021-11-29 16:49:14,636 - W-9006-spacing_1.0.ms:2634|#Level:Host|#hostname:Tae-wons-MacBook-Pro.local,timestamp:1638172154
2021-11-29 16:49:14,636 - WorkerThreadTime.ms:59|#Level:Host|#hostname:Tae-wons-MacBook-Pro.local,timestamp:null
2021-11-29 16:49:14,642 - W-9003-spacing_1.0.ms:2642|#Level:Host|#hostname:Tae-wons-MacBook-Pro.local,timestamp:1638172154
2021-11-29 16:49:14,642 - WorkerThreadTime.ms:60|#Level:Host|#hostname:Tae-wons-MacBook-Pro.local,timestamp:null
2021-11-29 16:49:18,191 - W-9009-dent_1.0.ms:2379|#Level:Host|#hostname:Tae-wons-MacBook-Pro.local,timestamp:1638172158
2021-11-29 16:49:18,192 - WorkerThreadTime.ms:78|#Level:Host|#hostname:Tae-wons-MacBook-Pro.local,timestamp:null
2021-11-29 16:49:18,242 - W-9011-dent_1.0.ms:2427|#Level:Host|#hostname:Tae-wons-MacBook-Pro.local,timestamp:1638172158
2021-11-29 16:49:18,242 - WorkerThreadTime.ms:80|#Level:Host|#hostname:Tae-wons-MacBook-Pro.local,timestamp:null
2021-11-29 16:49:18,295 - W-9013-dent_1.0.ms:2478|#Level:Host|#hostname:Tae-wons-MacBook-Pro.local,timestamp:1638172158
2021-11-29 16:49:18,295 - WorkerThreadTime.ms:57|#Level:Host|#hostname:Tae-wons-MacBook-Pro.local,timestamp:null
2021-11-29 16:49:18,342 - W-9008-dent_1.0.ms:2530|#Level:Host|#hostname:Tae-wons-MacBook-Pro.local,timestamp:1638172158
2021-11-29 16:49:18,343 - WorkerThreadTime.ms:122|#Level:Host|#hostname:Tae-wons-MacBook-Pro.local,timestamp:null
2021-11-29 16:49:18,370 - W-9010-dent_1.0.ms:2557|#Level:Host|#hostname:Tae-wons-MacBook-Pro.local,timestamp:1638172158
2021-11-29 16:49:18,370 - WorkerThreadTime.ms:113|#Level:Host|#hostname:Tae-wons-MacBook-Pro.local,timestamp:null
2021-11-29 16:49:18,398 - W-9014-dent_1.0.ms:2579|#Level:Host|#hostname:Tae-wons-MacBook-Pro.local,timestamp:1638172158
2021-11-29 16:49:18,398 - WorkerThreadTime.ms:121|#Level:Host|#hostname:Tae-wons-MacBook-Pro.local,timestamp:null
2021-11-29 16:49:18,468 - W-9015-dent_1.0.ms:2646|#Level:Host|#hostname:Tae-wons-MacBook-Pro.local,timestamp:1638172158
2021-11-29 16:49:18,469 - WorkerThreadTime.ms:158|#Level:Host|#hostname:Tae-wons-MacBook-Pro.local,timestamp:null
2021-11-29 16:49:18,483 - W-9012-dent_1.0.ms:2667|#Level:Host|#hostname:Tae-wons-MacBook-Pro.local,timestamp:1638172158
2021-11-29 16:49:18,483 - WorkerThreadTime.ms:160|#Level:Host|#hostname:Tae-wons-MacBook-Pro.local,timestamp:null
2021-11-29 16:49:21,175 - CPUUtilization.Percent:0.0|#Level:Host|#hostname:Tae-wons-MacBook-Pro.local,timestamp:1638172161
2021-11-29 16:49:21,193 - DiskAvailable.Gigabytes:79.25608444213867|#Level:Host|#hostname:Tae-wons-MacBook-Pro.local,timestamp:1638172161
2021-11-29 16:49:21,195 - DiskUsage.Gigabytes:381.1756362915039|#Level:Host|#hostname:Tae-wons-MacBook-Pro.local,timestamp:1638172161
2021-11-29 16:49:21,195 - DiskUtilization.Percent:82.8|#Level:Host|#hostname:Tae-wons-MacBook-Pro.local,timestamp:1638172161
2021-11-29 16:49:21,196 - MemoryAvailable.Megabytes:4310.8125|#Level:Host|#hostname:Tae-wons-MacBook-Pro.local,timestamp:1638172161
2021-11-29 16:49:21,196 - MemoryUsed.Megabytes:6526.515625|#Level:Host|#hostname:Tae-wons-MacBook-Pro.local,timestamp:1638172161
2021-11-29 16:49:21,196 - MemoryUtilization.Percent:73.7|#Level:Host|#hostname:Tae-wons-MacBook-Pro.local,timestamp:1638172161
2021-11-29 16:49:22,446 - W-9020-scratch_1.0.ms:2583|#Level:Host|#hostname:Tae-wons-MacBook-Pro.local,timestamp:1638172162
2021-11-29 16:49:22,446 - WorkerThreadTime.ms:11|#Level:Host|#hostname:Tae-wons-MacBook-Pro.local,timestamp:null
2021-11-29 16:49:22,446 - W-9021-scratch_1.0.ms:2582|#Level:Host|#hostname:Tae-wons-MacBook-Pro.local,timestamp:1638172162
2021-11-29 16:49:22,446 - WorkerThreadTime.ms:7|#Level:Host|#hostname:Tae-wons-MacBook-Pro.local,timestamp:null
2021-11-29 16:49:22,446 - W-9022-scratch_1.0.ms:2581|#Level:Host|#hostname:Tae-wons-MacBook-Pro.local,timestamp:1638172162
2021-11-29 16:49:22,446 - WorkerThreadTime.ms:9|#Level:Host|#hostname:Tae-wons-MacBook-Pro.local,timestamp:null
2021-11-29 16:49:22,446 - W-9016-scratch_1.0.ms:2586|#Level:Host|#hostname:Tae-wons-MacBook-Pro.local,timestamp:1638172162
2021-11-29 16:49:22,446 - WorkerThreadTime.ms:6|#Level:Host|#hostname:Tae-wons-MacBook-Pro.local,timestamp:null
2021-11-29 16:49:22,461 - W-9017-scratch_1.0.ms:2600|#Level:Host|#hostname:Tae-wons-MacBook-Pro.local,timestamp:1638172162
2021-11-29 16:49:22,461 - WorkerThreadTime.ms:1|#Level:Host|#hostname:Tae-wons-MacBook-Pro.local,timestamp:null
2021-11-29 16:49:22,461 - W-9018-scratch_1.0.ms:2599|#Level:Host|#hostname:Tae-wons-MacBook-Pro.local,timestamp:1638172162
2021-11-29 16:49:22,461 - WorkerThreadTime.ms:3|#Level:Host|#hostname:Tae-wons-MacBook-Pro.local,timestamp:null
2021-11-29 16:49:22,508 - W-9019-scratch_1.0.ms:2646|#Level:Host|#hostname:Tae-wons-MacBook-Pro.local,timestamp:1638172162
2021-11-29 16:49:22,508 - WorkerThreadTime.ms:9|#Level:Host|#hostname:Tae-wons-MacBook-Pro.local,timestamp:null
2021-11-29 16:49:22,549 - W-9023-scratch_1.0.ms:2684|#Level:Host|#hostname:Tae-wons-MacBook-Pro.local,timestamp:1638172162
2021-11-29 16:49:22,550 - WorkerThreadTime.ms:2|#Level:Host|#hostname:Tae-wons-MacBook-Pro.local,timestamp:null
2021-11-29 16:49:30,345 - Requests2XX.Count:1|#Level:Host|#hostname:Tae-wons-MacBook-Pro.local,timestamp:null
2021-11-29 16:49:30,346 - QueueTime.ms:0|#Level:Host|#hostname:Tae-wons-MacBook-Pro.local,timestamp:null
2021-11-29 16:49:30,346 - WorkerThreadTime.ms:15|#Level:Host|#hostname:Tae-wons-MacBook-Pro.local,timestamp:null
2021-11-29 16:49:34,575 - Requests2XX.Count:1|#Level:Host|#hostname:Tae-wons-MacBook-Pro.local,timestamp:null
